2017-12-18 08:47:43,130 [Worker-2] INFO  c.g.t.t.d.PublishedGradleVersions - Gradle version information cache is out-of-date. Trying to update.
2017-12-18 10:33:38,088 [Worker-26] INFO  o.e.m.c.i.p.ProjectConfigurationManager - Collecting project info '/pom.xml' C:\Users\a07208trng_b4b.04.25\Desktop\Rohan_SpringCore\Day1Helloworld\pom.xml
2017-12-18 10:33:43,564 [Worker-26] INFO  o.e.m.c.i.l.LifecycleMappingFactory - Using org.eclipse.m2e.jdt.JarLifecycleMapping lifecycle mapping for MavenProject: com.test.demo:Day1Helloworld:0.0.1-SNAPSHOT @ C:\Users\a07208trng_b4b.04.25\Desktop\Rohan_SpringCore\Day1Helloworld\pom.xml.
2017-12-18 10:33:44,296 [Worker-26] INFO  o.e.m.j.i.AbstractJavaProjectConfigurator - Adding source folder /Day1Helloworld/src/main/java
2017-12-18 10:33:44,296 [Worker-26] INFO  o.e.m.j.i.AbstractJavaProjectConfigurator - Adding source folder /Day1Helloworld/src/test/java
2017-12-18 10:33:48,909 [Worker-26] INFO  o.e.m.c.i.p.ProjectConfigurationManager - Imported and configured 1 project(s) in 10 sec
2017-12-18 10:33:49,996 [Worker-41] INFO  o.e.m.c.i.embedder.EclipseLogger - Using 'UTF-8' encoding to copy filtered resources.
2017-12-18 10:33:49,996 [Worker-41] INFO  o.e.m.c.i.embedder.EclipseLogger - skip non existing resourceDirectory C:\Users\a07208trng_b4b.04.25\Desktop\Rohan_SpringCore\Day1Helloworld\src\main\resources
2017-12-18 10:33:49,996 [Worker-41] INFO  o.e.m.c.i.embedder.EclipseLogger - Using 'UTF-8' encoding to copy filtered resources.
2017-12-18 10:33:49,996 [Worker-41] INFO  o.e.m.c.i.embedder.EclipseLogger - skip non existing resourceDirectory C:\Users\a07208trng_b4b.04.25\Desktop\Rohan_SpringCore\Day1Helloworld\src\test\resources
2017-12-18 10:33:54,485 [Worker-26] INFO  o.e.m.c.i.embedder.EclipseLogger - Using 'UTF-8' encoding to copy filtered resources.
2017-12-18 10:33:54,485 [Worker-26] INFO  o.e.m.c.i.embedder.EclipseLogger - skip non existing resourceDirectory C:\Users\a07208trng_b4b.04.25\Desktop\Rohan_SpringCore\Day1Helloworld\src\main\resources
2017-12-18 10:33:54,485 [Worker-26] INFO  o.e.m.c.i.embedder.EclipseLogger - Using 'UTF-8' encoding to copy filtered resources.
2017-12-18 10:33:54,485 [Worker-26] INFO  o.e.m.c.i.embedder.EclipseLogger - skip non existing resourceDirectory C:\Users\a07208trng_b4b.04.25\Desktop\Rohan_SpringCore\Day1Helloworld\src\test\resources
2017-12-18 10:36:45,098 [Worker-41] INFO  o.e.m.c.i.l.LifecycleMappingFactory - Using org.eclipse.m2e.jdt.JarLifecycleMapping lifecycle mapping for MavenProject: com.test.demo:Day1Helloworld:0.0.1-SNAPSHOT @ C:\Users\a07208trng_b4b.04.25\Desktop\Rohan_SpringCore\Day1Helloworld\pom.xml.
2017-12-18 10:36:46,835 [Worker-41] INFO  o.e.m.c.i.e.AbstractTransferListenerAdapter - Downloading https://repo.maven.apache.org/maven2/org/springframework/spring-context/4.3.1.RELEASE/spring-context-4.3.1.RELEASE.pom
2017-12-18 10:36:47,387 [Worker-41] INFO  o.e.m.c.i.e.AbstractTransferListenerAdapter - Downloaded https://repo.maven.apache.org/maven2/org/springframework/spring-context/4.3.1.RELEASE/spring-context-4.3.1.RELEASE.pom
2017-12-18 10:36:47,703 [Worker-41] INFO  o.e.m.c.i.e.AbstractTransferListenerAdapter - Downloading https://repo.maven.apache.org/maven2/org/springframework/spring-aop/4.3.1.RELEASE/spring-aop-4.3.1.RELEASE.pom
2017-12-18 10:36:48,004 [Worker-41] INFO  o.e.m.c.i.e.AbstractTransferListenerAdapter - Downloaded https://repo.maven.apache.org/maven2/org/springframework/spring-aop/4.3.1.RELEASE/spring-aop-4.3.1.RELEASE.pom
2017-12-18 10:36:48,304 [Worker-41] INFO  o.e.m.c.i.e.AbstractTransferListenerAdapter - Downloading https://repo.maven.apache.org/maven2/org/springframework/spring-beans/4.3.1.RELEASE/spring-beans-4.3.1.RELEASE.pom
2017-12-18 10:36:48,605 [Worker-41] INFO  o.e.m.c.i.e.AbstractTransferListenerAdapter - Downloaded https://repo.maven.apache.org/maven2/org/springframework/spring-beans/4.3.1.RELEASE/spring-beans-4.3.1.RELEASE.pom
2017-12-18 10:36:48,920 [Worker-41] INFO  o.e.m.c.i.e.AbstractTransferListenerAdapter - Downloading https://repo.maven.apache.org/maven2/org/springframework/spring-core/4.3.1.RELEASE/spring-core-4.3.1.RELEASE.pom
2017-12-18 10:36:49,220 [Worker-41] INFO  o.e.m.c.i.e.AbstractTransferListenerAdapter - Downloaded https://repo.maven.apache.org/maven2/org/springframework/spring-core/4.3.1.RELEASE/spring-core-4.3.1.RELEASE.pom
2017-12-18 10:36:49,990 [Worker-41] INFO  o.e.m.c.i.e.AbstractTransferListenerAdapter - Downloading https://repo.maven.apache.org/maven2/org/springframework/spring-expression/4.3.1.RELEASE/spring-expression-4.3.1.RELEASE.pom
2017-12-18 10:36:50,290 [Worker-41] INFO  o.e.m.c.i.e.AbstractTransferListenerAdapter - Downloaded https://repo.maven.apache.org/maven2/org/springframework/spring-expression/4.3.1.RELEASE/spring-expression-4.3.1.RELEASE.pom
2017-12-18 10:36:50,590 [Worker-41] INFO  o.e.m.c.i.e.AbstractTransferListenerAdapter - Downloading https://repo.maven.apache.org/maven2/org/springframework/spring-context/4.3.1.RELEASE/spring-context-4.3.1.RELEASE.jar
2017-12-18 10:36:52,774 [main] INFO  o.e.m2e.actions.ExecutePomAction - Creating new launch configuration
2017-12-18 10:36:53,638 [Worker-41] INFO  o.e.m.c.i.e.AbstractTransferListenerAdapter - Downloaded https://repo.maven.apache.org/maven2/org/springframework/spring-context/4.3.1.RELEASE/spring-context-4.3.1.RELEASE.jar
2017-12-18 10:36:53,939 [Worker-41] INFO  o.e.m.c.i.e.AbstractTransferListenerAdapter - Downloading https://repo.maven.apache.org/maven2/org/springframework/spring-aop/4.3.1.RELEASE/spring-aop-4.3.1.RELEASE.jar
2017-12-18 10:36:54,607 [Worker-41] INFO  o.e.m.c.i.e.AbstractTransferListenerAdapter - Downloaded https://repo.maven.apache.org/maven2/org/springframework/spring-aop/4.3.1.RELEASE/spring-aop-4.3.1.RELEASE.jar
2017-12-18 10:36:54,907 [Worker-41] INFO  o.e.m.c.i.e.AbstractTransferListenerAdapter - Downloading https://repo.maven.apache.org/maven2/org/springframework/spring-beans/4.3.1.RELEASE/spring-beans-4.3.1.RELEASE.jar
2017-12-18 10:36:56,025 [Worker-41] INFO  o.e.m.c.i.e.AbstractTransferListenerAdapter - Downloaded https://repo.maven.apache.org/maven2/org/springframework/spring-beans/4.3.1.RELEASE/spring-beans-4.3.1.RELEASE.jar
2017-12-18 10:36:56,325 [Worker-41] INFO  o.e.m.c.i.e.AbstractTransferListenerAdapter - Downloading https://repo.maven.apache.org/maven2/org/springframework/spring-core/4.3.1.RELEASE/spring-core-4.3.1.RELEASE.jar
2017-12-18 10:36:58,042 [Worker-41] INFO  o.e.m.c.i.e.AbstractTransferListenerAdapter - Downloaded https://repo.maven.apache.org/maven2/org/springframework/spring-core/4.3.1.RELEASE/spring-core-4.3.1.RELEASE.jar
2017-12-18 10:36:58,326 [Worker-41] INFO  o.e.m.c.i.e.AbstractTransferListenerAdapter - Downloading https://repo.maven.apache.org/maven2/org/springframework/spring-expression/4.3.1.RELEASE/spring-expression-4.3.1.RELEASE.jar
2017-12-18 10:36:59,026 [Worker-41] INFO  o.e.m.c.i.e.AbstractTransferListenerAdapter - Downloaded https://repo.maven.apache.org/maven2/org/springframework/spring-expression/4.3.1.RELEASE/spring-expression-4.3.1.RELEASE.jar
2017-12-18 10:37:00,523 [Worker-41] INFO  o.e.m.c.i.embedder.EclipseLogger - Using 'UTF-8' encoding to copy filtered resources.
2017-12-18 10:37:00,523 [Worker-41] INFO  o.e.m.c.i.embedder.EclipseLogger - skip non existing resourceDirectory C:\Users\a07208trng_b4b.04.25\Desktop\Rohan_SpringCore\Day1Helloworld\src\main\resources
2017-12-18 10:37:00,523 [Worker-41] INFO  o.e.m.c.i.embedder.EclipseLogger - Using 'UTF-8' encoding to copy filtered resources.
2017-12-18 10:37:00,523 [Worker-41] INFO  o.e.m.c.i.embedder.EclipseLogger - skip non existing resourceDirectory C:\Users\a07208trng_b4b.04.25\Desktop\Rohan_SpringCore\Day1Helloworld\src\test\resources
2017-12-18 10:37:01,724 [Worker-38] INFO  o.e.m.c.i.embedder.EclipseLogger - Using 'UTF-8' encoding to copy filtered resources.
2017-12-18 10:37:01,724 [Worker-38] INFO  o.e.m.c.i.embedder.EclipseLogger - skip non existing resourceDirectory C:\Users\a07208trng_b4b.04.25\Desktop\Rohan_SpringCore\Day1Helloworld\src\main\resources
2017-12-18 10:37:01,724 [Worker-38] INFO  o.e.m.c.i.embedder.EclipseLogger - Using 'UTF-8' encoding to copy filtered resources.
2017-12-18 10:37:01,724 [Worker-38] INFO  o.e.m.c.i.embedder.EclipseLogger - skip non existing resourceDirectory C:\Users\a07208trng_b4b.04.25\Desktop\Rohan_SpringCore\Day1Helloworld\src\test\resources
2017-12-18 10:37:01,793 [Worker-41] INFO  o.e.m.i.launch.MavenLaunchDelegate - C:\Users\a07208trng_b4b.04.25\Desktop\Rohan_SpringCore\Day1Helloworld
2017-12-18 10:37:01,793 [Worker-41] INFO  o.e.m.i.launch.MavenLaunchDelegate -  mvn -B clean install -U
2017-12-18 10:40:40,422 [Worker-44] INFO  o.e.m.c.i.embedder.EclipseLogger - Using 'UTF-8' encoding to copy filtered resources.
2017-12-18 10:40:40,422 [Worker-44] INFO  o.e.m.c.i.embedder.EclipseLogger - skip non existing resourceDirectory C:\Users\a07208trng_b4b.04.25\Desktop\Rohan_SpringCore\Day1Helloworld\src\main\resources
2017-12-18 10:40:40,424 [Worker-44] INFO  o.e.m.c.i.embedder.EclipseLogger - Using 'UTF-8' encoding to copy filtered resources.
2017-12-18 10:40:40,425 [Worker-44] INFO  o.e.m.c.i.embedder.EclipseLogger - skip non existing resourceDirectory C:\Users\a07208trng_b4b.04.25\Desktop\Rohan_SpringCore\Day1Helloworld\src\test\resources
2017-12-18 10:43:00,068 [Worker-45] INFO  o.e.m.c.i.embedder.EclipseLogger - Using 'UTF-8' encoding to copy filtered resources.
2017-12-18 10:43:00,068 [Worker-45] INFO  o.e.m.c.i.embedder.EclipseLogger - skip non existing resourceDirectory C:\Users\a07208trng_b4b.04.25\Desktop\Rohan_SpringCore\Day1Helloworld\src\main\resources
2017-12-18 10:43:00,085 [Worker-45] INFO  o.e.m.c.i.embedder.EclipseLogger - Using 'UTF-8' encoding to copy filtered resources.
2017-12-18 10:43:00,085 [Worker-45] INFO  o.e.m.c.i.embedder.EclipseLogger - skip non existing resourceDirectory C:\Users\a07208trng_b4b.04.25\Desktop\Rohan_SpringCore\Day1Helloworld\src\test\resources
2017-12-18 10:43:02,855 [Worker-38] INFO  o.e.m.c.i.embedder.EclipseLogger - Using 'UTF-8' encoding to copy filtered resources.
2017-12-18 10:43:02,855 [Worker-38] INFO  o.e.m.c.i.embedder.EclipseLogger - skip non existing resourceDirectory C:\Users\a07208trng_b4b.04.25\Desktop\Rohan_SpringCore\Day1Helloworld\src\main\resources
2017-12-18 10:43:02,855 [Worker-38] INFO  o.e.m.c.i.embedder.EclipseLogger - Using 'UTF-8' encoding to copy filtered resources.
2017-12-18 10:43:02,855 [Worker-38] INFO  o.e.m.c.i.embedder.EclipseLogger - skip non existing resourceDirectory C:\Users\a07208trng_b4b.04.25\Desktop\Rohan_SpringCore\Day1Helloworld\src\test\resources
2017-12-18 10:46:19,834 [Worker-41] INFO  o.e.m.c.i.embedder.EclipseLogger - Using 'UTF-8' encoding to copy filtered resources.
2017-12-18 10:46:19,834 [Worker-41] INFO  o.e.m.c.i.embedder.EclipseLogger - skip non existing resourceDirectory C:\Users\a07208trng_b4b.04.25\Desktop\Rohan_SpringCore\Day1Helloworld\src\main\resources
2017-12-18 10:46:19,834 [Worker-41] INFO  o.e.m.c.i.embedder.EclipseLogger - Using 'UTF-8' encoding to copy filtered resources.
2017-12-18 10:46:19,834 [Worker-41] INFO  o.e.m.c.i.embedder.EclipseLogger - skip non existing resourceDirectory C:\Users\a07208trng_b4b.04.25\Desktop\Rohan_SpringCore\Day1Helloworld\src\test\resources
2017-12-18 10:46:22,235 [Worker-42] INFO  o.e.m.c.i.embedder.EclipseLogger - Using 'UTF-8' encoding to copy filtered resources.
2017-12-18 10:46:22,235 [Worker-42] INFO  o.e.m.c.i.embedder.EclipseLogger - skip non existing resourceDirectory C:\Users\a07208trng_b4b.04.25\Desktop\Rohan_SpringCore\Day1Helloworld\src\main\resources
2017-12-18 10:46:22,235 [Worker-42] INFO  o.e.m.c.i.embedder.EclipseLogger - Using 'UTF-8' encoding to copy filtered resources.
2017-12-18 10:46:22,235 [Worker-42] INFO  o.e.m.c.i.embedder.EclipseLogger - skip non existing resourceDirectory C:\Users\a07208trng_b4b.04.25\Desktop\Rohan_SpringCore\Day1Helloworld\src\test\resources
2017-12-18 10:46:54,379 [Worker-41] INFO  o.e.m.c.i.embedder.EclipseLogger - Using 'UTF-8' encoding to copy filtered resources.
2017-12-18 10:46:54,379 [Worker-41] INFO  o.e.m.c.i.embedder.EclipseLogger - skip non existing resourceDirectory C:\Users\a07208trng_b4b.04.25\Desktop\Rohan_SpringCore\Day1Helloworld\src\main\resources
2017-12-18 10:46:54,380 [Worker-41] INFO  o.e.m.c.i.embedder.EclipseLogger - Using 'UTF-8' encoding to copy filtered resources.
2017-12-18 10:46:54,380 [Worker-41] INFO  o.e.m.c.i.embedder.EclipseLogger - skip non existing resourceDirectory C:\Users\a07208trng_b4b.04.25\Desktop\Rohan_SpringCore\Day1Helloworld\src\test\resources
2017-12-18 10:47:07,329 [Worker-41] INFO  o.e.m.c.i.embedder.EclipseLogger - Using 'UTF-8' encoding to copy filtered resources.
2017-12-18 10:47:07,329 [Worker-41] INFO  o.e.m.c.i.embedder.EclipseLogger - skip non existing resourceDirectory C:\Users\a07208trng_b4b.04.25\Desktop\Rohan_SpringCore\Day1Helloworld\src\main\resources
2017-12-18 10:47:07,329 [Worker-41] INFO  o.e.m.c.i.embedder.EclipseLogger - Using 'UTF-8' encoding to copy filtered resources.
2017-12-18 10:47:07,329 [Worker-41] INFO  o.e.m.c.i.embedder.EclipseLogger - skip non existing resourceDirectory C:\Users\a07208trng_b4b.04.25\Desktop\Rohan_SpringCore\Day1Helloworld\src\test\resources
2017-12-18 10:47:27,198 [Worker-44] INFO  o.e.m.c.i.embedder.EclipseLogger - Using 'UTF-8' encoding to copy filtered resources.
2017-12-18 10:47:27,198 [Worker-44] INFO  o.e.m.c.i.embedder.EclipseLogger - skip non existing resourceDirectory C:\Users\a07208trng_b4b.04.25\Desktop\Rohan_SpringCore\Day1Helloworld\src\main\resources
2017-12-18 10:47:27,214 [Worker-44] INFO  o.e.m.c.i.embedder.EclipseLogger - Using 'UTF-8' encoding to copy filtered resources.
2017-12-18 10:47:27,214 [Worker-44] INFO  o.e.m.c.i.embedder.EclipseLogger - skip non existing resourceDirectory C:\Users\a07208trng_b4b.04.25\Desktop\Rohan_SpringCore\Day1Helloworld\src\test\resources
2017-12-18 10:50:12,653 [Worker-46] INFO  o.e.m.c.i.embedder.EclipseLogger - Using 'UTF-8' encoding to copy filtered resources.
2017-12-18 10:50:12,653 [Worker-46] INFO  o.e.m.c.i.embedder.EclipseLogger - skip non existing resourceDirectory C:\Users\a07208trng_b4b.04.25\Desktop\Rohan_SpringCore\Day1Helloworld\src\main\resources
2017-12-18 10:50:12,653 [Worker-46] INFO  o.e.m.c.i.embedder.EclipseLogger - Using 'UTF-8' encoding to copy filtered resources.
2017-12-18 10:50:12,653 [Worker-46] INFO  o.e.m.c.i.embedder.EclipseLogger - skip non existing resourceDirectory C:\Users\a07208trng_b4b.04.25\Desktop\Rohan_SpringCore\Day1Helloworld\src\test\resources
2017-12-18 10:51:36,120 [Worker-55] INFO  o.e.m.c.i.embedder.EclipseLogger - Using 'UTF-8' encoding to copy filtered resources.
2017-12-18 10:51:36,120 [Worker-55] INFO  o.e.m.c.i.embedder.EclipseLogger - skip non existing resourceDirectory C:\Users\a07208trng_b4b.04.25\Desktop\Rohan_SpringCore\Day1Helloworld\src\main\resources
2017-12-18 10:51:36,120 [Worker-55] INFO  o.e.m.c.i.embedder.EclipseLogger - Using 'UTF-8' encoding to copy filtered resources.
2017-12-18 10:51:36,135 [Worker-55] INFO  o.e.m.c.i.embedder.EclipseLogger - skip non existing resourceDirectory C:\Users\a07208trng_b4b.04.25\Desktop\Rohan_SpringCore\Day1Helloworld\src\test\resources
2017-12-18 10:53:14,782 [Worker-46] INFO  o.e.m.c.i.embedder.EclipseLogger - Using 'UTF-8' encoding to copy filtered resources.
2017-12-18 10:53:14,782 [Worker-46] INFO  o.e.m.c.i.embedder.EclipseLogger - skip non existing resourceDirectory C:\Users\a07208trng_b4b.04.25\Desktop\Rohan_SpringCore\Day1Helloworld\src\main\resources
2017-12-18 10:53:14,782 [Worker-46] INFO  o.e.m.c.i.embedder.EclipseLogger - Using 'UTF-8' encoding to copy filtered resources.
2017-12-18 10:53:14,782 [Worker-46] INFO  o.e.m.c.i.embedder.EclipseLogger - skip non existing resourceDirectory C:\Users\a07208trng_b4b.04.25\Desktop\Rohan_SpringCore\Day1Helloworld\src\test\resources
2017-12-18 10:53:23,404 [Worker-46] INFO  o.e.m.c.i.embedder.EclipseLogger - Using 'UTF-8' encoding to copy filtered resources.
2017-12-18 10:53:23,404 [Worker-46] INFO  o.e.m.c.i.embedder.EclipseLogger - skip non existing resourceDirectory C:\Users\a07208trng_b4b.04.25\Desktop\Rohan_SpringCore\Day1Helloworld\src\main\resources
2017-12-18 10:53:23,404 [Worker-46] INFO  o.e.m.c.i.embedder.EclipseLogger - Using 'UTF-8' encoding to copy filtered resources.
2017-12-18 10:53:23,404 [Worker-46] INFO  o.e.m.c.i.embedder.EclipseLogger - skip non existing resourceDirectory C:\Users\a07208trng_b4b.04.25\Desktop\Rohan_SpringCore\Day1Helloworld\src\test\resources
2017-12-18 10:53:26,293 [Worker-49] INFO  o.e.m.c.i.embedder.EclipseLogger - Using 'UTF-8' encoding to copy filtered resources.
2017-12-18 10:53:26,293 [Worker-49] INFO  o.e.m.c.i.embedder.EclipseLogger - skip non existing resourceDirectory C:\Users\a07208trng_b4b.04.25\Desktop\Rohan_SpringCore\Day1Helloworld\src\main\resources
2017-12-18 10:53:26,293 [Worker-49] INFO  o.e.m.c.i.embedder.EclipseLogger - Using 'UTF-8' encoding to copy filtered resources.
2017-12-18 10:53:26,293 [Worker-49] INFO  o.e.m.c.i.embedder.EclipseLogger - skip non existing resourceDirectory C:\Users\a07208trng_b4b.04.25\Desktop\Rohan_SpringCore\Day1Helloworld\src\test\resources
2017-12-18 10:53:40,244 [Worker-47] INFO  o.e.m.c.i.embedder.EclipseLogger - Using 'UTF-8' encoding to copy filtered resources.
2017-12-18 10:53:40,244 [Worker-47] INFO  o.e.m.c.i.embedder.EclipseLogger - skip non existing resourceDirectory C:\Users\a07208trng_b4b.04.25\Desktop\Rohan_SpringCore\Day1Helloworld\src\main\resources
2017-12-18 10:53:40,244 [Worker-47] INFO  o.e.m.c.i.embedder.EclipseLogger - Using 'UTF-8' encoding to copy filtered resources.
2017-12-18 10:53:40,244 [Worker-47] INFO  o.e.m.c.i.embedder.EclipseLogger - skip non existing resourceDirectory C:\Users\a07208trng_b4b.04.25\Desktop\Rohan_SpringCore\Day1Helloworld\src\test\resources
2017-12-18 10:54:53,657 [Worker-55] INFO  o.e.m.c.i.embedder.EclipseLogger - Using 'UTF-8' encoding to copy filtered resources.
2017-12-18 10:54:53,657 [Worker-55] INFO  o.e.m.c.i.embedder.EclipseLogger - skip non existing resourceDirectory C:\Users\a07208trng_b4b.04.25\Desktop\Rohan_SpringCore\Day1Helloworld\src\main\resources
2017-12-18 10:54:53,657 [Worker-55] INFO  o.e.m.c.i.embedder.EclipseLogger - Using 'UTF-8' encoding to copy filtered resources.
2017-12-18 10:54:53,657 [Worker-55] INFO  o.e.m.c.i.embedder.EclipseLogger - skip non existing resourceDirectory C:\Users\a07208trng_b4b.04.25\Desktop\Rohan_SpringCore\Day1Helloworld\src\test\resources
2017-12-18 10:55:35,496 [Worker-46] INFO  o.e.m.c.i.embedder.EclipseLogger - Using 'UTF-8' encoding to copy filtered resources.
2017-12-18 10:55:35,496 [Worker-46] INFO  o.e.m.c.i.embedder.EclipseLogger - skip non existing resourceDirectory C:\Users\a07208trng_b4b.04.25\Desktop\Rohan_SpringCore\Day1Helloworld\src\main\resources
2017-12-18 10:55:35,496 [Worker-46] INFO  o.e.m.c.i.embedder.EclipseLogger - Using 'UTF-8' encoding to copy filtered resources.
2017-12-18 10:55:35,496 [Worker-46] INFO  o.e.m.c.i.embedder.EclipseLogger - skip non existing resourceDirectory C:\Users\a07208trng_b4b.04.25\Desktop\Rohan_SpringCore\Day1Helloworld\src\test\resources
2017-12-18 10:56:00,729 [Worker-47] INFO  o.e.m.c.i.embedder.EclipseLogger - Using 'UTF-8' encoding to copy filtered resources.
2017-12-18 10:56:00,745 [Worker-47] INFO  o.e.m.c.i.embedder.EclipseLogger - skip non existing resourceDirectory C:\Users\a07208trng_b4b.04.25\Desktop\Rohan_SpringCore\Day1Helloworld\src\main\resources
2017-12-18 10:56:00,745 [Worker-47] INFO  o.e.m.c.i.embedder.EclipseLogger - Using 'UTF-8' encoding to copy filtered resources.
2017-12-18 10:56:00,745 [Worker-47] INFO  o.e.m.c.i.embedder.EclipseLogger - skip non existing resourceDirectory C:\Users\a07208trng_b4b.04.25\Desktop\Rohan_SpringCore\Day1Helloworld\src\test\resources
2017-12-18 10:56:16,695 [Worker-47] INFO  o.e.m.c.i.embedder.EclipseLogger - Using 'UTF-8' encoding to copy filtered resources.
2017-12-18 10:56:16,695 [Worker-47] INFO  o.e.m.c.i.embedder.EclipseLogger - skip non existing resourceDirectory C:\Users\a07208trng_b4b.04.25\Desktop\Rohan_SpringCore\Day1Helloworld\src\main\resources
2017-12-18 10:56:16,695 [Worker-47] INFO  o.e.m.c.i.embedder.EclipseLogger - Using 'UTF-8' encoding to copy filtered resources.
2017-12-18 10:56:16,695 [Worker-47] INFO  o.e.m.c.i.embedder.EclipseLogger - skip non existing resourceDirectory C:\Users\a07208trng_b4b.04.25\Desktop\Rohan_SpringCore\Day1Helloworld\src\test\resources
2017-12-18 10:56:20,797 [Worker-46] INFO  o.e.m.c.i.embedder.EclipseLogger - Using 'UTF-8' encoding to copy filtered resources.
2017-12-18 10:56:20,797 [Worker-46] INFO  o.e.m.c.i.embedder.EclipseLogger - skip non existing resourceDirectory C:\Users\a07208trng_b4b.04.25\Desktop\Rohan_SpringCore\Day1Helloworld\src\main\resources
2017-12-18 10:56:20,797 [Worker-46] INFO  o.e.m.c.i.embedder.EclipseLogger - Using 'UTF-8' encoding to copy filtered resources.
2017-12-18 10:56:20,797 [Worker-46] INFO  o.e.m.c.i.embedder.EclipseLogger - skip non existing resourceDirectory C:\Users\a07208trng_b4b.04.25\Desktop\Rohan_SpringCore\Day1Helloworld\src\test\resources
2017-12-18 10:57:16,757 [Worker-44] INFO  o.e.m.c.i.embedder.EclipseLogger - Using 'UTF-8' encoding to copy filtered resources.
2017-12-18 10:57:16,757 [Worker-44] INFO  o.e.m.c.i.embedder.EclipseLogger - skip non existing resourceDirectory C:\Users\a07208trng_b4b.04.25\Desktop\Rohan_SpringCore\Day1Helloworld\src\main\resources
2017-12-18 10:57:16,757 [Worker-44] INFO  o.e.m.c.i.embedder.EclipseLogger - Using 'UTF-8' encoding to copy filtered resources.
2017-12-18 10:57:16,757 [Worker-44] INFO  o.e.m.c.i.embedder.EclipseLogger - skip non existing resourceDirectory C:\Users\a07208trng_b4b.04.25\Desktop\Rohan_SpringCore\Day1Helloworld\src\test\resources
2017-12-18 10:57:29,384 [Worker-51] INFO  o.e.m.c.i.embedder.EclipseLogger - Using 'UTF-8' encoding to copy filtered resources.
2017-12-18 10:57:29,384 [Worker-51] INFO  o.e.m.c.i.embedder.EclipseLogger - skip non existing resourceDirectory C:\Users\a07208trng_b4b.04.25\Desktop\Rohan_SpringCore\Day1Helloworld\src\main\resources
2017-12-18 10:57:29,384 [Worker-51] INFO  o.e.m.c.i.embedder.EclipseLogger - Using 'UTF-8' encoding to copy filtered resources.
2017-12-18 10:57:29,384 [Worker-51] INFO  o.e.m.c.i.embedder.EclipseLogger - skip non existing resourceDirectory C:\Users\a07208trng_b4b.04.25\Desktop\Rohan_SpringCore\Day1Helloworld\src\test\resources
2017-12-18 10:57:45,089 [Worker-44] INFO  o.e.m.c.i.e.AbstractTransferListenerAdapter - Downloading https://repo.maven.apache.org/maven2/org/springframework/spring-beans/4.3.1.RELEASE/spring-beans-4.3.1.RELEASE-sources.jar
2017-12-18 10:57:47,249 [Worker-44] INFO  o.e.m.c.i.e.AbstractTransferListenerAdapter - Downloaded https://repo.maven.apache.org/maven2/org/springframework/spring-beans/4.3.1.RELEASE/spring-beans-4.3.1.RELEASE-sources.jar
2017-12-18 10:57:47,671 [Worker-44] INFO  o.e.m.j.internal.DownloadSourcesJob - Downloaded sources for org.springframework:spring-beans:4.3.1.RELEASE
2017-12-18 10:57:47,888 [Worker-49] INFO  o.e.m.c.i.embedder.EclipseLogger - Using 'UTF-8' encoding to copy filtered resources.
2017-12-18 10:57:47,888 [Worker-49] INFO  o.e.m.c.i.embedder.EclipseLogger - skip non existing resourceDirectory C:\Users\a07208trng_b4b.04.25\Desktop\Rohan_SpringCore\Day1Helloworld\src\main\resources
2017-12-18 10:57:47,903 [Worker-49] INFO  o.e.m.c.i.embedder.EclipseLogger - Using 'UTF-8' encoding to copy filtered resources.
2017-12-18 10:57:47,903 [Worker-49] INFO  o.e.m.c.i.embedder.EclipseLogger - skip non existing resourceDirectory C:\Users\a07208trng_b4b.04.25\Desktop\Rohan_SpringCore\Day1Helloworld\src\test\resources
2017-12-18 10:58:06,721 [Worker-44] INFO  o.e.m.c.i.embedder.EclipseLogger - Using 'UTF-8' encoding to copy filtered resources.
2017-12-18 10:58:06,721 [Worker-44] INFO  o.e.m.c.i.embedder.EclipseLogger - skip non existing resourceDirectory C:\Users\a07208trng_b4b.04.25\Desktop\Rohan_SpringCore\Day1Helloworld\src\main\resources
2017-12-18 10:58:06,721 [Worker-44] INFO  o.e.m.c.i.embedder.EclipseLogger - Using 'UTF-8' encoding to copy filtered resources.
2017-12-18 10:58:06,721 [Worker-44] INFO  o.e.m.c.i.embedder.EclipseLogger - skip non existing resourceDirectory C:\Users\a07208trng_b4b.04.25\Desktop\Rohan_SpringCore\Day1Helloworld\src\test\resources
2017-12-18 10:58:40,586 [Worker-47] INFO  o.e.m.c.i.embedder.EclipseLogger - Using 'UTF-8' encoding to copy filtered resources.
2017-12-18 10:58:40,586 [Worker-47] INFO  o.e.m.c.i.embedder.EclipseLogger - skip non existing resourceDirectory C:\Users\a07208trng_b4b.04.25\Desktop\Rohan_SpringCore\Day1Helloworld\src\main\resources
2017-12-18 10:58:40,586 [Worker-47] INFO  o.e.m.c.i.embedder.EclipseLogger - Using 'UTF-8' encoding to copy filtered resources.
2017-12-18 10:58:40,586 [Worker-47] INFO  o.e.m.c.i.embedder.EclipseLogger - skip non existing resourceDirectory C:\Users\a07208trng_b4b.04.25\Desktop\Rohan_SpringCore\Day1Helloworld\src\test\resources
2017-12-18 10:59:08,938 [Worker-46] INFO  o.e.m.c.i.embedder.EclipseLogger - Using 'UTF-8' encoding to copy filtered resources.
2017-12-18 10:59:08,953 [Worker-46] INFO  o.e.m.c.i.embedder.EclipseLogger - skip non existing resourceDirectory C:\Users\a07208trng_b4b.04.25\Desktop\Rohan_SpringCore\Day1Helloworld\src\main\resources
2017-12-18 10:59:08,953 [Worker-46] INFO  o.e.m.c.i.embedder.EclipseLogger - Using 'UTF-8' encoding to copy filtered resources.
2017-12-18 10:59:08,953 [Worker-46] INFO  o.e.m.c.i.embedder.EclipseLogger - skip non existing resourceDirectory C:\Users\a07208trng_b4b.04.25\Desktop\Rohan_SpringCore\Day1Helloworld\src\test\resources
2017-12-18 10:59:35,587 [Worker-58] INFO  o.e.m.c.i.embedder.EclipseLogger - Using 'UTF-8' encoding to copy filtered resources.
2017-12-18 10:59:35,587 [Worker-58] INFO  o.e.m.c.i.embedder.EclipseLogger - skip non existing resourceDirectory C:\Users\a07208trng_b4b.04.25\Desktop\Rohan_SpringCore\Day1Helloworld\src\main\resources
2017-12-18 10:59:35,587 [Worker-58] INFO  o.e.m.c.i.embedder.EclipseLogger - Using 'UTF-8' encoding to copy filtered resources.
2017-12-18 10:59:35,587 [Worker-58] INFO  o.e.m.c.i.embedder.EclipseLogger - skip non existing resourceDirectory C:\Users\a07208trng_b4b.04.25\Desktop\Rohan_SpringCore\Day1Helloworld\src\test\resources
2017-12-18 11:05:48,498 [Worker-58] INFO  o.e.m.c.i.p.ProjectConfigurationManager - Collecting project info '/pom.xml' C:\Users\a07208trng_b4b.04.25\Desktop\Rohan_SpringCore\Day1Emp\pom.xml
2017-12-18 11:05:48,608 [Worker-58] INFO  o.e.m.c.i.l.LifecycleMappingFactory - Using org.eclipse.m2e.jdt.JarLifecycleMapping lifecycle mapping for MavenProject: com.test.demo2:Day1Emp:0.0.1-SNAPSHOT @ C:\Users\a07208trng_b4b.04.25\Desktop\Rohan_SpringCore\Day1Emp\pom.xml.
2017-12-18 11:05:48,754 [Worker-58] INFO  o.e.m.j.i.AbstractJavaProjectConfigurator - Adding source folder /Day1Emp/src/main/java
2017-12-18 11:05:48,770 [Worker-58] INFO  o.e.m.j.i.AbstractJavaProjectConfigurator - Adding source folder /Day1Emp/src/test/java
2017-12-18 11:05:48,839 [Worker-58] INFO  o.e.m.c.i.p.ProjectConfigurationManager - Imported and configured 1 project(s) in 0 sec
2017-12-18 11:05:49,023 [Worker-51] INFO  o.e.m.c.i.embedder.EclipseLogger - Using 'UTF-8' encoding to copy filtered resources.
2017-12-18 11:05:49,023 [Worker-51] INFO  o.e.m.c.i.embedder.EclipseLogger - skip non existing resourceDirectory C:\Users\a07208trng_b4b.04.25\Desktop\Rohan_SpringCore\Day1Emp\src\main\resources
2017-12-18 11:05:49,023 [Worker-51] INFO  o.e.m.c.i.embedder.EclipseLogger - Using 'UTF-8' encoding to copy filtered resources.
2017-12-18 11:05:49,023 [Worker-51] INFO  o.e.m.c.i.embedder.EclipseLogger - skip non existing resourceDirectory C:\Users\a07208trng_b4b.04.25\Desktop\Rohan_SpringCore\Day1Emp\src\test\resources
2017-12-18 11:06:59,370 [Worker-57] INFO  o.e.m.c.i.l.LifecycleMappingFactory - Using org.eclipse.m2e.jdt.JarLifecycleMapping lifecycle mapping for MavenProject: com.test.demo2:Day1Emp:0.0.1-SNAPSHOT @ C:\Users\a07208trng_b4b.04.25\Desktop\Rohan_SpringCore\Day1Emp\pom.xml.
2017-12-18 11:06:59,754 [Worker-57] INFO  o.e.m.c.i.embedder.EclipseLogger - Using 'UTF-8' encoding to copy filtered resources.
2017-12-18 11:06:59,754 [Worker-57] INFO  o.e.m.c.i.embedder.EclipseLogger - skip non existing resourceDirectory C:\Users\a07208trng_b4b.04.25\Desktop\Rohan_SpringCore\Day1Emp\src\main\resources
2017-12-18 11:06:59,754 [Worker-57] INFO  o.e.m.c.i.embedder.EclipseLogger - Using 'UTF-8' encoding to copy filtered resources.
2017-12-18 11:06:59,754 [Worker-57] INFO  o.e.m.c.i.embedder.EclipseLogger - skip non existing resourceDirectory C:\Users\a07208trng_b4b.04.25\Desktop\Rohan_SpringCore\Day1Emp\src\test\resources
2017-12-18 11:07:00,970 [Worker-51] INFO  o.e.m.c.i.embedder.EclipseLogger - Using 'UTF-8' encoding to copy filtered resources.
2017-12-18 11:07:00,970 [Worker-51] INFO  o.e.m.c.i.embedder.EclipseLogger - skip non existing resourceDirectory C:\Users\a07208trng_b4b.04.25\Desktop\Rohan_SpringCore\Day1Emp\src\main\resources
2017-12-18 11:07:00,970 [Worker-51] INFO  o.e.m.c.i.embedder.EclipseLogger - Using 'UTF-8' encoding to copy filtered resources.
2017-12-18 11:07:00,970 [Worker-51] INFO  o.e.m.c.i.embedder.EclipseLogger - skip non existing resourceDirectory C:\Users\a07208trng_b4b.04.25\Desktop\Rohan_SpringCore\Day1Emp\src\test\resources
2017-12-18 11:07:17,226 [Worker-51] INFO  o.e.m.c.i.embedder.EclipseLogger - Using 'UTF-8' encoding to copy filtered resources.
2017-12-18 11:07:17,226 [Worker-51] INFO  o.e.m.c.i.embedder.EclipseLogger - skip non existing resourceDirectory C:\Users\a07208trng_b4b.04.25\Desktop\Rohan_SpringCore\Day1Emp\src\main\resources
2017-12-18 11:07:17,226 [Worker-51] INFO  o.e.m.c.i.embedder.EclipseLogger - Using 'UTF-8' encoding to copy filtered resources.
2017-12-18 11:07:17,226 [Worker-51] INFO  o.e.m.c.i.embedder.EclipseLogger - skip non existing resourceDirectory C:\Users\a07208trng_b4b.04.25\Desktop\Rohan_SpringCore\Day1Emp\src\test\resources
2017-12-18 11:07:33,156 [Worker-44] INFO  o.e.m.c.i.embedder.EclipseLogger - Using 'UTF-8' encoding to copy filtered resources.
2017-12-18 11:07:33,156 [Worker-44] INFO  o.e.m.c.i.embedder.EclipseLogger - skip non existing resourceDirectory C:\Users\a07208trng_b4b.04.25\Desktop\Rohan_SpringCore\Day1Emp\src\main\resources
2017-12-18 11:07:33,158 [Worker-44] INFO  o.e.m.c.i.embedder.EclipseLogger - Using 'UTF-8' encoding to copy filtered resources.
2017-12-18 11:07:33,158 [Worker-44] INFO  o.e.m.c.i.embedder.EclipseLogger - skip non existing resourceDirectory C:\Users\a07208trng_b4b.04.25\Desktop\Rohan_SpringCore\Day1Emp\src\test\resources
2017-12-18 11:08:11,644 [Worker-51] INFO  o.e.m.c.i.embedder.EclipseLogger - Using 'UTF-8' encoding to copy filtered resources.
2017-12-18 11:08:11,644 [Worker-51] INFO  o.e.m.c.i.embedder.EclipseLogger - skip non existing resourceDirectory C:\Users\a07208trng_b4b.04.25\Desktop\Rohan_SpringCore\Day1Emp\src\main\resources
2017-12-18 11:08:11,644 [Worker-51] INFO  o.e.m.c.i.embedder.EclipseLogger - Using 'UTF-8' encoding to copy filtered resources.
2017-12-18 11:08:11,644 [Worker-51] INFO  o.e.m.c.i.embedder.EclipseLogger - skip non existing resourceDirectory C:\Users\a07208trng_b4b.04.25\Desktop\Rohan_SpringCore\Day1Emp\src\test\resources
2017-12-18 11:08:31,799 [Worker-47] INFO  o.e.m.c.i.embedder.EclipseLogger - Using 'UTF-8' encoding to copy filtered resources.
2017-12-18 11:08:31,799 [Worker-47] INFO  o.e.m.c.i.embedder.EclipseLogger - skip non existing resourceDirectory C:\Users\a07208trng_b4b.04.25\Desktop\Rohan_SpringCore\Day1Emp\src\main\resources
2017-12-18 11:08:31,799 [Worker-47] INFO  o.e.m.c.i.embedder.EclipseLogger - Using 'UTF-8' encoding to copy filtered resources.
2017-12-18 11:08:31,799 [Worker-47] INFO  o.e.m.c.i.embedder.EclipseLogger - skip non existing resourceDirectory C:\Users\a07208trng_b4b.04.25\Desktop\Rohan_SpringCore\Day1Emp\src\test\resources
2017-12-18 11:09:31,243 [Worker-51] INFO  o.e.m.c.i.embedder.EclipseLogger - Using 'UTF-8' encoding to copy filtered resources.
2017-12-18 11:09:31,243 [Worker-51] INFO  o.e.m.c.i.embedder.EclipseLogger - skip non existing resourceDirectory C:\Users\a07208trng_b4b.04.25\Desktop\Rohan_SpringCore\Day1Emp\src\main\resources
2017-12-18 11:09:31,243 [Worker-51] INFO  o.e.m.c.i.embedder.EclipseLogger - Using 'UTF-8' encoding to copy filtered resources.
2017-12-18 11:09:31,243 [Worker-51] INFO  o.e.m.c.i.embedder.EclipseLogger - skip non existing resourceDirectory C:\Users\a07208trng_b4b.04.25\Desktop\Rohan_SpringCore\Day1Emp\src\test\resources
2017-12-18 11:10:28,285 [Worker-59] INFO  o.e.m.c.i.embedder.EclipseLogger - Using 'UTF-8' encoding to copy filtered resources.
2017-12-18 11:10:28,285 [Worker-59] INFO  o.e.m.c.i.embedder.EclipseLogger - skip non existing resourceDirectory C:\Users\a07208trng_b4b.04.25\Desktop\Rohan_SpringCore\Day1Emp\src\main\resources
2017-12-18 11:10:28,285 [Worker-59] INFO  o.e.m.c.i.embedder.EclipseLogger - Using 'UTF-8' encoding to copy filtered resources.
2017-12-18 11:10:28,285 [Worker-59] INFO  o.e.m.c.i.embedder.EclipseLogger - skip non existing resourceDirectory C:\Users\a07208trng_b4b.04.25\Desktop\Rohan_SpringCore\Day1Emp\src\test\resources
2017-12-18 11:10:45,139 [Worker-47] INFO  o.e.m.c.i.embedder.EclipseLogger - Using 'UTF-8' encoding to copy filtered resources.
2017-12-18 11:10:45,139 [Worker-47] INFO  o.e.m.c.i.embedder.EclipseLogger - skip non existing resourceDirectory C:\Users\a07208trng_b4b.04.25\Desktop\Rohan_SpringCore\Day1Emp\src\main\resources
2017-12-18 11:10:45,139 [Worker-47] INFO  o.e.m.c.i.embedder.EclipseLogger - Using 'UTF-8' encoding to copy filtered resources.
2017-12-18 11:10:45,139 [Worker-47] INFO  o.e.m.c.i.embedder.EclipseLogger - skip non existing resourceDirectory C:\Users\a07208trng_b4b.04.25\Desktop\Rohan_SpringCore\Day1Emp\src\test\resources
2017-12-18 11:12:34,079 [Worker-58] INFO  o.e.m.c.i.embedder.EclipseLogger - Using 'UTF-8' encoding to copy filtered resources.
2017-12-18 11:12:34,079 [Worker-58] INFO  o.e.m.c.i.embedder.EclipseLogger - skip non existing resourceDirectory C:\Users\a07208trng_b4b.04.25\Desktop\Rohan_SpringCore\Day1Emp\src\main\resources
2017-12-18 11:12:34,081 [Worker-58] INFO  o.e.m.c.i.embedder.EclipseLogger - Using 'UTF-8' encoding to copy filtered resources.
2017-12-18 11:12:34,081 [Worker-58] INFO  o.e.m.c.i.embedder.EclipseLogger - skip non existing resourceDirectory C:\Users\a07208trng_b4b.04.25\Desktop\Rohan_SpringCore\Day1Emp\src\test\resources
2017-12-18 11:17:41,598 [Worker-51] INFO  o.e.m.c.i.embedder.EclipseLogger - Using 'UTF-8' encoding to copy filtered resources.
2017-12-18 11:17:41,598 [Worker-51] INFO  o.e.m.c.i.embedder.EclipseLogger - skip non existing resourceDirectory C:\Users\a07208trng_b4b.04.25\Desktop\Rohan_SpringCore\Day1Emp\src\main\resources
2017-12-18 11:17:41,598 [Worker-51] INFO  o.e.m.c.i.embedder.EclipseLogger - Using 'UTF-8' encoding to copy filtered resources.
2017-12-18 11:17:41,598 [Worker-51] INFO  o.e.m.c.i.embedder.EclipseLogger - skip non existing resourceDirectory C:\Users\a07208trng_b4b.04.25\Desktop\Rohan_SpringCore\Day1Emp\src\test\resources
2017-12-18 11:17:57,520 [Worker-44] INFO  o.e.m.c.i.embedder.EclipseLogger - Using 'UTF-8' encoding to copy filtered resources.
2017-12-18 11:17:57,520 [Worker-44] INFO  o.e.m.c.i.embedder.EclipseLogger - skip non existing resourceDirectory C:\Users\a07208trng_b4b.04.25\Desktop\Rohan_SpringCore\Day1Emp\src\main\resources
2017-12-18 11:17:57,520 [Worker-44] INFO  o.e.m.c.i.embedder.EclipseLogger - Using 'UTF-8' encoding to copy filtered resources.
2017-12-18 11:17:57,520 [Worker-44] INFO  o.e.m.c.i.embedder.EclipseLogger - skip non existing resourceDirectory C:\Users\a07208trng_b4b.04.25\Desktop\Rohan_SpringCore\Day1Emp\src\test\resources
2017-12-18 11:18:20,714 [Worker-57] INFO  o.e.m.c.i.embedder.EclipseLogger - Using 'UTF-8' encoding to copy filtered resources.
2017-12-18 11:18:20,714 [Worker-57] INFO  o.e.m.c.i.embedder.EclipseLogger - skip non existing resourceDirectory C:\Users\a07208trng_b4b.04.25\Desktop\Rohan_SpringCore\Day1Emp\src\main\resources
2017-12-18 11:18:20,714 [Worker-57] INFO  o.e.m.c.i.embedder.EclipseLogger - Using 'UTF-8' encoding to copy filtered resources.
2017-12-18 11:18:20,714 [Worker-57] INFO  o.e.m.c.i.embedder.EclipseLogger - skip non existing resourceDirectory C:\Users\a07208trng_b4b.04.25\Desktop\Rohan_SpringCore\Day1Emp\src\test\resources
2017-12-18 11:22:41,022 [Worker-58] INFO  o.e.m.c.i.p.ProjectConfigurationManager - Collecting project info '/pom.xml' C:\Users\a07208trng_b4b.04.25\Desktop\Rohan_SpringCore\Day1Shape\pom.xml
2017-12-18 11:22:41,122 [Worker-58] INFO  o.e.m.c.i.l.LifecycleMappingFactory - Using org.eclipse.m2e.jdt.JarLifecycleMapping lifecycle mapping for MavenProject: com.test.demo2.shape:Day1Shape:0.0.1-SNAPSHOT @ C:\Users\a07208trng_b4b.04.25\Desktop\Rohan_SpringCore\Day1Shape\pom.xml.
2017-12-18 11:22:41,338 [Worker-58] INFO  o.e.m.j.i.AbstractJavaProjectConfigurator - Adding source folder /Day1Shape/src/main/java
2017-12-18 11:22:41,354 [Worker-58] INFO  o.e.m.j.i.AbstractJavaProjectConfigurator - Adding source folder /Day1Shape/src/test/java
2017-12-18 11:22:41,401 [Worker-58] INFO  o.e.m.c.i.p.ProjectConfigurationManager - Imported and configured 1 project(s) in 0 sec
2017-12-18 11:22:41,686 [Worker-58] INFO  o.e.m.c.i.embedder.EclipseLogger - Using 'UTF-8' encoding to copy filtered resources.
2017-12-18 11:22:41,686 [Worker-58] INFO  o.e.m.c.i.embedder.EclipseLogger - skip non existing resourceDirectory C:\Users\a07208trng_b4b.04.25\Desktop\Rohan_SpringCore\Day1Shape\src\main\resources
2017-12-18 11:22:41,686 [Worker-58] INFO  o.e.m.c.i.embedder.EclipseLogger - Using 'UTF-8' encoding to copy filtered resources.
2017-12-18 11:22:41,686 [Worker-58] INFO  o.e.m.c.i.embedder.EclipseLogger - skip non existing resourceDirectory C:\Users\a07208trng_b4b.04.25\Desktop\Rohan_SpringCore\Day1Shape\src\test\resources
2017-12-18 11:23:01,522 [Worker-58] INFO  o.e.m.c.i.l.LifecycleMappingFactory - Using org.eclipse.m2e.jdt.JarLifecycleMapping lifecycle mapping for MavenProject: com.test.demo2.shape:Day1Shape:0.0.1-SNAPSHOT @ C:\Users\a07208trng_b4b.04.25\Desktop\Rohan_SpringCore\Day1Shape\pom.xml.
2017-12-18 11:23:01,787 [Worker-58] INFO  o.e.m.c.i.embedder.EclipseLogger - Using 'UTF-8' encoding to copy filtered resources.
2017-12-18 11:23:01,787 [Worker-58] INFO  o.e.m.c.i.embedder.EclipseLogger - skip non existing resourceDirectory C:\Users\a07208trng_b4b.04.25\Desktop\Rohan_SpringCore\Day1Shape\src\main\resources
2017-12-18 11:23:01,787 [Worker-58] INFO  o.e.m.c.i.embedder.EclipseLogger - Using 'UTF-8' encoding to copy filtered resources.
2017-12-18 11:23:01,787 [Worker-58] INFO  o.e.m.c.i.embedder.EclipseLogger - skip non existing resourceDirectory C:\Users\a07208trng_b4b.04.25\Desktop\Rohan_SpringCore\Day1Shape\src\test\resources
2017-12-18 11:23:02,978 [Worker-61] INFO  o.e.m.c.i.embedder.EclipseLogger - Using 'UTF-8' encoding to copy filtered resources.
2017-12-18 11:23:02,978 [Worker-61] INFO  o.e.m.c.i.embedder.EclipseLogger - skip non existing resourceDirectory C:\Users\a07208trng_b4b.04.25\Desktop\Rohan_SpringCore\Day1Shape\src\main\resources
2017-12-18 11:23:02,978 [Worker-61] INFO  o.e.m.c.i.embedder.EclipseLogger - Using 'UTF-8' encoding to copy filtered resources.
2017-12-18 11:23:02,978 [Worker-61] INFO  o.e.m.c.i.embedder.EclipseLogger - skip non existing resourceDirectory C:\Users\a07208trng_b4b.04.25\Desktop\Rohan_SpringCore\Day1Shape\src\test\resources
2017-12-18 11:26:02,585 [Worker-59] INFO  o.e.m.c.i.embedder.EclipseLogger - Using 'UTF-8' encoding to copy filtered resources.
2017-12-18 11:26:02,585 [Worker-59] INFO  o.e.m.c.i.embedder.EclipseLogger - skip non existing resourceDirectory C:\Users\a07208trng_b4b.04.25\Desktop\Rohan_SpringCore\Day1Shape\src\main\resources
2017-12-18 11:26:02,586 [Worker-59] INFO  o.e.m.c.i.embedder.EclipseLogger - Using 'UTF-8' encoding to copy filtered resources.
2017-12-18 11:26:02,586 [Worker-59] INFO  o.e.m.c.i.embedder.EclipseLogger - skip non existing resourceDirectory C:\Users\a07208trng_b4b.04.25\Desktop\Rohan_SpringCore\Day1Shape\src\test\resources
2017-12-18 11:26:18,044 [Worker-59] INFO  o.e.m.c.i.embedder.EclipseLogger - Using 'UTF-8' encoding to copy filtered resources.
2017-12-18 11:26:18,044 [Worker-59] INFO  o.e.m.c.i.embedder.EclipseLogger - skip non existing resourceDirectory C:\Users\a07208trng_b4b.04.25\Desktop\Rohan_SpringCore\Day1Shape\src\main\resources
2017-12-18 11:26:18,060 [Worker-59] INFO  o.e.m.c.i.embedder.EclipseLogger - Using 'UTF-8' encoding to copy filtered resources.
2017-12-18 11:26:18,060 [Worker-59] INFO  o.e.m.c.i.embedder.EclipseLogger - skip non existing resourceDirectory C:\Users\a07208trng_b4b.04.25\Desktop\Rohan_SpringCore\Day1Shape\src\test\resources
2017-12-18 11:26:28,631 [Worker-60] INFO  o.e.m.c.i.embedder.EclipseLogger - Using 'UTF-8' encoding to copy filtered resources.
2017-12-18 11:26:28,631 [Worker-60] INFO  o.e.m.c.i.embedder.EclipseLogger - skip non existing resourceDirectory C:\Users\a07208trng_b4b.04.25\Desktop\Rohan_SpringCore\Day1Shape\src\main\resources
2017-12-18 11:26:28,631 [Worker-60] INFO  o.e.m.c.i.embedder.EclipseLogger - Using 'UTF-8' encoding to copy filtered resources.
2017-12-18 11:26:28,631 [Worker-60] INFO  o.e.m.c.i.embedder.EclipseLogger - skip non existing resourceDirectory C:\Users\a07208trng_b4b.04.25\Desktop\Rohan_SpringCore\Day1Shape\src\test\resources
2017-12-18 11:27:10,098 [Worker-58] INFO  o.e.m.c.i.embedder.EclipseLogger - Using 'UTF-8' encoding to copy filtered resources.
2017-12-18 11:27:10,098 [Worker-58] INFO  o.e.m.c.i.embedder.EclipseLogger - skip non existing resourceDirectory C:\Users\a07208trng_b4b.04.25\Desktop\Rohan_SpringCore\Day1Shape\src\main\resources
2017-12-18 11:27:10,098 [Worker-58] INFO  o.e.m.c.i.embedder.EclipseLogger - Using 'UTF-8' encoding to copy filtered resources.
2017-12-18 11:27:10,098 [Worker-58] INFO  o.e.m.c.i.embedder.EclipseLogger - skip non existing resourceDirectory C:\Users\a07208trng_b4b.04.25\Desktop\Rohan_SpringCore\Day1Shape\src\test\resources
2017-12-18 11:27:56,751 [Worker-44] INFO  o.e.m.c.i.embedder.EclipseLogger - Using 'UTF-8' encoding to copy filtered resources.
2017-12-18 11:27:56,751 [Worker-44] INFO  o.e.m.c.i.embedder.EclipseLogger - skip non existing resourceDirectory C:\Users\a07208trng_b4b.04.25\Desktop\Rohan_SpringCore\Day1Shape\src\main\resources
2017-12-18 11:27:56,751 [Worker-44] INFO  o.e.m.c.i.embedder.EclipseLogger - Using 'UTF-8' encoding to copy filtered resources.
2017-12-18 11:27:56,751 [Worker-44] INFO  o.e.m.c.i.embedder.EclipseLogger - skip non existing resourceDirectory C:\Users\a07208trng_b4b.04.25\Desktop\Rohan_SpringCore\Day1Shape\src\test\resources
2017-12-18 11:28:29,044 [Worker-44] INFO  o.e.m.c.i.embedder.EclipseLogger - Using 'UTF-8' encoding to copy filtered resources.
2017-12-18 11:28:29,044 [Worker-44] INFO  o.e.m.c.i.embedder.EclipseLogger - skip non existing resourceDirectory C:\Users\a07208trng_b4b.04.25\Desktop\Rohan_SpringCore\Day1Shape\src\main\resources
2017-12-18 11:28:29,044 [Worker-44] INFO  o.e.m.c.i.embedder.EclipseLogger - Using 'UTF-8' encoding to copy filtered resources.
2017-12-18 11:28:29,044 [Worker-44] INFO  o.e.m.c.i.embedder.EclipseLogger - skip non existing resourceDirectory C:\Users\a07208trng_b4b.04.25\Desktop\Rohan_SpringCore\Day1Shape\src\test\resources
2017-12-18 11:28:37,643 [Worker-58] INFO  o.e.m.c.i.embedder.EclipseLogger - Using 'UTF-8' encoding to copy filtered resources.
2017-12-18 11:28:37,643 [Worker-58] INFO  o.e.m.c.i.embedder.EclipseLogger - skip non existing resourceDirectory C:\Users\a07208trng_b4b.04.25\Desktop\Rohan_SpringCore\Day1Shape\src\main\resources
2017-12-18 11:28:37,643 [Worker-58] INFO  o.e.m.c.i.embedder.EclipseLogger - Using 'UTF-8' encoding to copy filtered resources.
2017-12-18 11:28:37,643 [Worker-58] INFO  o.e.m.c.i.embedder.EclipseLogger - skip non existing resourceDirectory C:\Users\a07208trng_b4b.04.25\Desktop\Rohan_SpringCore\Day1Shape\src\test\resources
2017-12-18 11:30:29,242 [Worker-44] INFO  o.e.m.c.i.embedder.EclipseLogger - Using 'UTF-8' encoding to copy filtered resources.
2017-12-18 11:30:29,242 [Worker-44] INFO  o.e.m.c.i.embedder.EclipseLogger - skip non existing resourceDirectory C:\Users\a07208trng_b4b.04.25\Desktop\Rohan_SpringCore\Day1Shape\src\main\resources
2017-12-18 11:30:29,242 [Worker-44] INFO  o.e.m.c.i.embedder.EclipseLogger - Using 'UTF-8' encoding to copy filtered resources.
2017-12-18 11:30:29,242 [Worker-44] INFO  o.e.m.c.i.embedder.EclipseLogger - skip non existing resourceDirectory C:\Users\a07208trng_b4b.04.25\Desktop\Rohan_SpringCore\Day1Shape\src\test\resources
2017-12-18 11:31:04,219 [Worker-58] INFO  o.e.m.c.i.embedder.EclipseLogger - Using 'UTF-8' encoding to copy filtered resources.
2017-12-18 11:31:04,219 [Worker-58] INFO  o.e.m.c.i.embedder.EclipseLogger - skip non existing resourceDirectory C:\Users\a07208trng_b4b.04.25\Desktop\Rohan_SpringCore\Day1Shape\src\main\resources
2017-12-18 11:31:04,235 [Worker-58] INFO  o.e.m.c.i.embedder.EclipseLogger - Using 'UTF-8' encoding to copy filtered resources.
2017-12-18 11:31:04,235 [Worker-58] INFO  o.e.m.c.i.embedder.EclipseLogger - skip non existing resourceDirectory C:\Users\a07208trng_b4b.04.25\Desktop\Rohan_SpringCore\Day1Shape\src\test\resources
2017-12-18 11:31:07,666 [Worker-58] INFO  o.e.m.c.i.embedder.EclipseLogger - Using 'UTF-8' encoding to copy filtered resources.
2017-12-18 11:31:07,666 [Worker-58] INFO  o.e.m.c.i.embedder.EclipseLogger - skip non existing resourceDirectory C:\Users\a07208trng_b4b.04.25\Desktop\Rohan_SpringCore\Day1Shape\src\main\resources
2017-12-18 11:31:07,666 [Worker-58] INFO  o.e.m.c.i.embedder.EclipseLogger - Using 'UTF-8' encoding to copy filtered resources.
2017-12-18 11:31:07,666 [Worker-58] INFO  o.e.m.c.i.embedder.EclipseLogger - skip non existing resourceDirectory C:\Users\a07208trng_b4b.04.25\Desktop\Rohan_SpringCore\Day1Shape\src\test\resources
2017-12-18 11:31:21,214 [Worker-60] INFO  o.e.m.c.i.embedder.EclipseLogger - Using 'UTF-8' encoding to copy filtered resources.
2017-12-18 11:31:21,214 [Worker-60] INFO  o.e.m.c.i.embedder.EclipseLogger - skip non existing resourceDirectory C:\Users\a07208trng_b4b.04.25\Desktop\Rohan_SpringCore\Day1Shape\src\main\resources
2017-12-18 11:31:21,214 [Worker-60] INFO  o.e.m.c.i.embedder.EclipseLogger - Using 'UTF-8' encoding to copy filtered resources.
2017-12-18 11:31:21,214 [Worker-60] INFO  o.e.m.c.i.embedder.EclipseLogger - skip non existing resourceDirectory C:\Users\a07208trng_b4b.04.25\Desktop\Rohan_SpringCore\Day1Shape\src\test\resources
2017-12-18 11:31:32,962 [Worker-58] INFO  o.e.m.c.i.embedder.EclipseLogger - Using 'UTF-8' encoding to copy filtered resources.
2017-12-18 11:31:32,962 [Worker-58] INFO  o.e.m.c.i.embedder.EclipseLogger - skip non existing resourceDirectory C:\Users\a07208trng_b4b.04.25\Desktop\Rohan_SpringCore\Day1Shape\src\main\resources
2017-12-18 11:31:32,962 [Worker-58] INFO  o.e.m.c.i.embedder.EclipseLogger - Using 'UTF-8' encoding to copy filtered resources.
2017-12-18 11:31:32,962 [Worker-58] INFO  o.e.m.c.i.embedder.EclipseLogger - skip non existing resourceDirectory C:\Users\a07208trng_b4b.04.25\Desktop\Rohan_SpringCore\Day1Shape\src\test\resources
2017-12-18 11:31:34,417 [Worker-58] INFO  o.e.m.c.i.embedder.EclipseLogger - Using 'UTF-8' encoding to copy filtered resources.
2017-12-18 11:31:34,417 [Worker-58] INFO  o.e.m.c.i.embedder.EclipseLogger - skip non existing resourceDirectory C:\Users\a07208trng_b4b.04.25\Desktop\Rohan_SpringCore\Day1Shape\src\main\resources
2017-12-18 11:31:34,417 [Worker-58] INFO  o.e.m.c.i.embedder.EclipseLogger - Using 'UTF-8' encoding to copy filtered resources.
2017-12-18 11:31:34,417 [Worker-58] INFO  o.e.m.c.i.embedder.EclipseLogger - skip non existing resourceDirectory C:\Users\a07208trng_b4b.04.25\Desktop\Rohan_SpringCore\Day1Shape\src\test\resources
2017-12-18 11:32:19,653 [Worker-60] INFO  o.e.m.c.i.embedder.EclipseLogger - Using 'UTF-8' encoding to copy filtered resources.
2017-12-18 11:32:19,669 [Worker-60] INFO  o.e.m.c.i.embedder.EclipseLogger - skip non existing resourceDirectory C:\Users\a07208trng_b4b.04.25\Desktop\Rohan_SpringCore\Day1Shape\src\main\resources
2017-12-18 11:32:19,669 [Worker-60] INFO  o.e.m.c.i.embedder.EclipseLogger - Using 'UTF-8' encoding to copy filtered resources.
2017-12-18 11:32:19,669 [Worker-60] INFO  o.e.m.c.i.embedder.EclipseLogger - skip non existing resourceDirectory C:\Users\a07208trng_b4b.04.25\Desktop\Rohan_SpringCore\Day1Shape\src\test\resources
2017-12-18 11:32:33,021 [Worker-58] INFO  o.e.m.c.i.embedder.EclipseLogger - Using 'UTF-8' encoding to copy filtered resources.
2017-12-18 11:32:33,021 [Worker-58] INFO  o.e.m.c.i.embedder.EclipseLogger - skip non existing resourceDirectory C:\Users\a07208trng_b4b.04.25\Desktop\Rohan_SpringCore\Day1Shape\src\main\resources
2017-12-18 11:32:33,021 [Worker-58] INFO  o.e.m.c.i.embedder.EclipseLogger - Using 'UTF-8' encoding to copy filtered resources.
2017-12-18 11:32:33,021 [Worker-58] INFO  o.e.m.c.i.embedder.EclipseLogger - skip non existing resourceDirectory C:\Users\a07208trng_b4b.04.25\Desktop\Rohan_SpringCore\Day1Shape\src\test\resources
2017-12-18 11:32:58,083 [Worker-60] INFO  o.e.m.c.i.embedder.EclipseLogger - Using 'UTF-8' encoding to copy filtered resources.
2017-12-18 11:32:58,084 [Worker-60] INFO  o.e.m.c.i.embedder.EclipseLogger - skip non existing resourceDirectory C:\Users\a07208trng_b4b.04.25\Desktop\Rohan_SpringCore\Day1Shape\src\main\resources
2017-12-18 11:32:58,085 [Worker-60] INFO  o.e.m.c.i.embedder.EclipseLogger - Using 'UTF-8' encoding to copy filtered resources.
2017-12-18 11:32:58,085 [Worker-60] INFO  o.e.m.c.i.embedder.EclipseLogger - skip non existing resourceDirectory C:\Users\a07208trng_b4b.04.25\Desktop\Rohan_SpringCore\Day1Shape\src\test\resources
2017-12-18 11:35:31,769 [Worker-44] INFO  o.e.m.c.i.embedder.EclipseLogger - Using 'UTF-8' encoding to copy filtered resources.
2017-12-18 11:35:31,769 [Worker-44] INFO  o.e.m.c.i.embedder.EclipseLogger - skip non existing resourceDirectory C:\Users\a07208trng_b4b.04.25\Desktop\Rohan_SpringCore\Day1Shape\src\main\resources
2017-12-18 11:35:31,769 [Worker-44] INFO  o.e.m.c.i.embedder.EclipseLogger - Using 'UTF-8' encoding to copy filtered resources.
2017-12-18 11:35:31,769 [Worker-44] INFO  o.e.m.c.i.embedder.EclipseLogger - skip non existing resourceDirectory C:\Users\a07208trng_b4b.04.25\Desktop\Rohan_SpringCore\Day1Shape\src\test\resources
2017-12-18 11:35:43,218 [Worker-58] INFO  o.e.m.c.i.embedder.EclipseLogger - Using 'UTF-8' encoding to copy filtered resources.
2017-12-18 11:35:43,218 [Worker-58] INFO  o.e.m.c.i.embedder.EclipseLogger - skip non existing resourceDirectory C:\Users\a07208trng_b4b.04.25\Desktop\Rohan_SpringCore\Day1Shape\src\main\resources
2017-12-18 11:35:43,218 [Worker-58] INFO  o.e.m.c.i.embedder.EclipseLogger - Using 'UTF-8' encoding to copy filtered resources.
2017-12-18 11:35:43,218 [Worker-58] INFO  o.e.m.c.i.embedder.EclipseLogger - skip non existing resourceDirectory C:\Users\a07208trng_b4b.04.25\Desktop\Rohan_SpringCore\Day1Shape\src\test\resources
2017-12-18 11:36:34,588 [Worker-60] INFO  o.e.m.c.i.embedder.EclipseLogger - Using 'UTF-8' encoding to copy filtered resources.
2017-12-18 11:36:34,588 [Worker-60] INFO  o.e.m.c.i.embedder.EclipseLogger - skip non existing resourceDirectory C:\Users\a07208trng_b4b.04.25\Desktop\Rohan_SpringCore\Day1Shape\src\main\resources
2017-12-18 11:36:34,588 [Worker-60] INFO  o.e.m.c.i.embedder.EclipseLogger - Using 'UTF-8' encoding to copy filtered resources.
2017-12-18 11:36:34,588 [Worker-60] INFO  o.e.m.c.i.embedder.EclipseLogger - skip non existing resourceDirectory C:\Users\a07208trng_b4b.04.25\Desktop\Rohan_SpringCore\Day1Shape\src\test\resources
2017-12-18 11:36:39,158 [Worker-58] INFO  o.e.m.c.i.embedder.EclipseLogger - Using 'UTF-8' encoding to copy filtered resources.
2017-12-18 11:36:39,158 [Worker-58] INFO  o.e.m.c.i.embedder.EclipseLogger - skip non existing resourceDirectory C:\Users\a07208trng_b4b.04.25\Desktop\Rohan_SpringCore\Day1Shape\src\main\resources
2017-12-18 11:36:39,158 [Worker-58] INFO  o.e.m.c.i.embedder.EclipseLogger - Using 'UTF-8' encoding to copy filtered resources.
2017-12-18 11:36:39,158 [Worker-58] INFO  o.e.m.c.i.embedder.EclipseLogger - skip non existing resourceDirectory C:\Users\a07208trng_b4b.04.25\Desktop\Rohan_SpringCore\Day1Shape\src\test\resources
2017-12-18 11:36:40,243 [Worker-61] INFO  o.e.m.c.i.embedder.EclipseLogger - Using 'UTF-8' encoding to copy filtered resources.
2017-12-18 11:36:40,243 [Worker-61] INFO  o.e.m.c.i.embedder.EclipseLogger - skip non existing resourceDirectory C:\Users\a07208trng_b4b.04.25\Desktop\Rohan_SpringCore\Day1Shape\src\main\resources
2017-12-18 11:36:40,243 [Worker-61] INFO  o.e.m.c.i.embedder.EclipseLogger - Using 'UTF-8' encoding to copy filtered resources.
2017-12-18 11:36:40,243 [Worker-61] INFO  o.e.m.c.i.embedder.EclipseLogger - skip non existing resourceDirectory C:\Users\a07208trng_b4b.04.25\Desktop\Rohan_SpringCore\Day1Shape\src\test\resources
2017-12-18 11:36:44,258 [Worker-60] INFO  o.e.m.c.i.embedder.EclipseLogger - Using 'UTF-8' encoding to copy filtered resources.
2017-12-18 11:36:44,258 [Worker-60] INFO  o.e.m.c.i.embedder.EclipseLogger - skip non existing resourceDirectory C:\Users\a07208trng_b4b.04.25\Desktop\Rohan_SpringCore\Day1Shape\src\main\resources
2017-12-18 11:36:44,258 [Worker-60] INFO  o.e.m.c.i.embedder.EclipseLogger - Using 'UTF-8' encoding to copy filtered resources.
2017-12-18 11:36:44,258 [Worker-60] INFO  o.e.m.c.i.embedder.EclipseLogger - skip non existing resourceDirectory C:\Users\a07208trng_b4b.04.25\Desktop\Rohan_SpringCore\Day1Shape\src\test\resources
2017-12-18 11:36:53,003 [Worker-59] INFO  o.e.m.c.i.embedder.EclipseLogger - Using 'UTF-8' encoding to copy filtered resources.
2017-12-18 11:36:53,003 [Worker-59] INFO  o.e.m.c.i.embedder.EclipseLogger - skip non existing resourceDirectory C:\Users\a07208trng_b4b.04.25\Desktop\Rohan_SpringCore\Day1Shape\src\main\resources
2017-12-18 11:36:53,005 [Worker-59] INFO  o.e.m.c.i.embedder.EclipseLogger - Using 'UTF-8' encoding to copy filtered resources.
2017-12-18 11:36:53,005 [Worker-59] INFO  o.e.m.c.i.embedder.EclipseLogger - skip non existing resourceDirectory C:\Users\a07208trng_b4b.04.25\Desktop\Rohan_SpringCore\Day1Shape\src\test\resources
2017-12-18 11:37:00,290 [Worker-59] INFO  o.e.m.c.i.embedder.EclipseLogger - Using 'UTF-8' encoding to copy filtered resources.
2017-12-18 11:37:00,290 [Worker-59] INFO  o.e.m.c.i.embedder.EclipseLogger - skip non existing resourceDirectory C:\Users\a07208trng_b4b.04.25\Desktop\Rohan_SpringCore\Day1Shape\src\main\resources
2017-12-18 11:37:00,290 [Worker-59] INFO  o.e.m.c.i.embedder.EclipseLogger - Using 'UTF-8' encoding to copy filtered resources.
2017-12-18 11:37:00,290 [Worker-59] INFO  o.e.m.c.i.embedder.EclipseLogger - skip non existing resourceDirectory C:\Users\a07208trng_b4b.04.25\Desktop\Rohan_SpringCore\Day1Shape\src\test\resources
2017-12-18 11:40:11,441 [Worker-60] INFO  o.e.m.c.i.embedder.EclipseLogger - Using 'UTF-8' encoding to copy filtered resources.
2017-12-18 11:40:11,441 [Worker-60] INFO  o.e.m.c.i.embedder.EclipseLogger - skip non existing resourceDirectory C:\Users\a07208trng_b4b.04.25\Desktop\Rohan_SpringCore\Day1Shape\src\main\resources
2017-12-18 11:40:11,441 [Worker-60] INFO  o.e.m.c.i.embedder.EclipseLogger - Using 'UTF-8' encoding to copy filtered resources.
2017-12-18 11:40:11,457 [Worker-60] INFO  o.e.m.c.i.embedder.EclipseLogger - skip non existing resourceDirectory C:\Users\a07208trng_b4b.04.25\Desktop\Rohan_SpringCore\Day1Shape\src\test\resources
2017-12-18 11:40:17,016 [Worker-44] INFO  o.e.m.c.i.embedder.EclipseLogger - Using 'UTF-8' encoding to copy filtered resources.
2017-12-18 11:40:17,016 [Worker-44] INFO  o.e.m.c.i.embedder.EclipseLogger - skip non existing resourceDirectory C:\Users\a07208trng_b4b.04.25\Desktop\Rohan_SpringCore\Day1Shape\src\main\resources
2017-12-18 11:40:17,016 [Worker-44] INFO  o.e.m.c.i.embedder.EclipseLogger - Using 'UTF-8' encoding to copy filtered resources.
2017-12-18 11:40:17,016 [Worker-44] INFO  o.e.m.c.i.embedder.EclipseLogger - skip non existing resourceDirectory C:\Users\a07208trng_b4b.04.25\Desktop\Rohan_SpringCore\Day1Shape\src\test\resources
2017-12-18 11:40:30,579 [Worker-44] INFO  o.e.m.c.i.embedder.EclipseLogger - Using 'UTF-8' encoding to copy filtered resources.
2017-12-18 11:40:30,579 [Worker-44] INFO  o.e.m.c.i.embedder.EclipseLogger - skip non existing resourceDirectory C:\Users\a07208trng_b4b.04.25\Desktop\Rohan_SpringCore\Day1Shape\src\main\resources
2017-12-18 11:40:30,579 [Worker-44] INFO  o.e.m.c.i.embedder.EclipseLogger - Using 'UTF-8' encoding to copy filtered resources.
2017-12-18 11:40:30,579 [Worker-44] INFO  o.e.m.c.i.embedder.EclipseLogger - skip non existing resourceDirectory C:\Users\a07208trng_b4b.04.25\Desktop\Rohan_SpringCore\Day1Shape\src\test\resources
2017-12-18 11:42:21,404 [Worker-61] INFO  o.e.m.c.i.embedder.EclipseLogger - Using 'UTF-8' encoding to copy filtered resources.
2017-12-18 11:42:21,404 [Worker-61] INFO  o.e.m.c.i.embedder.EclipseLogger - skip non existing resourceDirectory C:\Users\a07208trng_b4b.04.25\Desktop\Rohan_SpringCore\Day1Shape\src\main\resources
2017-12-18 11:42:21,419 [Worker-61] INFO  o.e.m.c.i.embedder.EclipseLogger - Using 'UTF-8' encoding to copy filtered resources.
2017-12-18 11:42:21,419 [Worker-61] INFO  o.e.m.c.i.embedder.EclipseLogger - skip non existing resourceDirectory C:\Users\a07208trng_b4b.04.25\Desktop\Rohan_SpringCore\Day1Shape\src\test\resources
2017-12-18 11:43:06,295 [Worker-59] INFO  o.e.m.c.i.embedder.EclipseLogger - Using 'UTF-8' encoding to copy filtered resources.
2017-12-18 11:43:06,295 [Worker-59] INFO  o.e.m.c.i.embedder.EclipseLogger - skip non existing resourceDirectory C:\Users\a07208trng_b4b.04.25\Desktop\Rohan_SpringCore\Day1Shape\src\main\resources
2017-12-18 11:43:06,295 [Worker-59] INFO  o.e.m.c.i.embedder.EclipseLogger - Using 'UTF-8' encoding to copy filtered resources.
2017-12-18 11:43:06,295 [Worker-59] INFO  o.e.m.c.i.embedder.EclipseLogger - skip non existing resourceDirectory C:\Users\a07208trng_b4b.04.25\Desktop\Rohan_SpringCore\Day1Shape\src\test\resources
2017-12-18 11:43:58,769 [Worker-60] INFO  o.e.m.c.i.embedder.EclipseLogger - Using 'UTF-8' encoding to copy filtered resources.
2017-12-18 11:43:58,769 [Worker-60] INFO  o.e.m.c.i.embedder.EclipseLogger - skip non existing resourceDirectory C:\Users\a07208trng_b4b.04.25\Desktop\Rohan_SpringCore\Day1Shape\src\main\resources
2017-12-18 11:43:58,769 [Worker-60] INFO  o.e.m.c.i.embedder.EclipseLogger - Using 'UTF-8' encoding to copy filtered resources.
2017-12-18 11:43:58,769 [Worker-60] INFO  o.e.m.c.i.embedder.EclipseLogger - skip non existing resourceDirectory C:\Users\a07208trng_b4b.04.25\Desktop\Rohan_SpringCore\Day1Shape\src\test\resources
2017-12-18 11:50:31,553 [Worker-60] INFO  o.e.m.c.i.p.ProjectConfigurationManager - Collecting project info '/pom.xml' C:\Users\a07208trng_b4b.04.25\Desktop\Rohan_SpringCore\Day1demo4\pom.xml
2017-12-18 11:50:31,662 [Worker-60] INFO  o.e.m.c.i.l.LifecycleMappingFactory - Using org.eclipse.m2e.jdt.JarLifecycleMapping lifecycle mapping for MavenProject: com.test.demo4:Day1demo4:0.0.1-SNAPSHOT @ C:\Users\a07208trng_b4b.04.25\Desktop\Rohan_SpringCore\Day1demo4\pom.xml.
2017-12-18 11:50:32,178 [Worker-60] INFO  o.e.m.j.i.AbstractJavaProjectConfigurator - Adding source folder /Day1demo4/src/main/java
2017-12-18 11:50:32,193 [Worker-60] INFO  o.e.m.j.i.AbstractJavaProjectConfigurator - Adding source folder /Day1demo4/src/test/java
2017-12-18 11:50:32,272 [Worker-60] INFO  o.e.m.c.i.p.ProjectConfigurationManager - Imported and configured 1 project(s) in 0 sec
2017-12-18 11:50:32,459 [Worker-58] INFO  o.e.m.c.i.embedder.EclipseLogger - Using 'UTF-8' encoding to copy filtered resources.
2017-12-18 11:50:32,459 [Worker-58] INFO  o.e.m.c.i.embedder.EclipseLogger - skip non existing resourceDirectory C:\Users\a07208trng_b4b.04.25\Desktop\Rohan_SpringCore\Day1demo4\src\main\resources
2017-12-18 11:50:32,459 [Worker-58] INFO  o.e.m.c.i.embedder.EclipseLogger - Using 'UTF-8' encoding to copy filtered resources.
2017-12-18 11:50:32,459 [Worker-58] INFO  o.e.m.c.i.embedder.EclipseLogger - skip non existing resourceDirectory C:\Users\a07208trng_b4b.04.25\Desktop\Rohan_SpringCore\Day1demo4\src\test\resources
2017-12-18 11:51:03,813 [Worker-60] INFO  o.e.m.c.i.l.LifecycleMappingFactory - Using org.eclipse.m2e.jdt.JarLifecycleMapping lifecycle mapping for MavenProject: com.test.demo4:Day1demo4:0.0.1-SNAPSHOT @ C:\Users\a07208trng_b4b.04.25\Desktop\Rohan_SpringCore\Day1demo4\pom.xml.
2017-12-18 11:51:04,063 [Worker-60] INFO  o.e.m.c.i.embedder.EclipseLogger - Using 'UTF-8' encoding to copy filtered resources.
2017-12-18 11:51:04,063 [Worker-60] INFO  o.e.m.c.i.embedder.EclipseLogger - skip non existing resourceDirectory C:\Users\a07208trng_b4b.04.25\Desktop\Rohan_SpringCore\Day1demo4\src\main\resources
2017-12-18 11:51:04,063 [Worker-60] INFO  o.e.m.c.i.embedder.EclipseLogger - Using 'UTF-8' encoding to copy filtered resources.
2017-12-18 11:51:04,063 [Worker-60] INFO  o.e.m.c.i.embedder.EclipseLogger - skip non existing resourceDirectory C:\Users\a07208trng_b4b.04.25\Desktop\Rohan_SpringCore\Day1demo4\src\test\resources
2017-12-18 11:51:05,328 [Worker-63] INFO  o.e.m.c.i.embedder.EclipseLogger - Using 'UTF-8' encoding to copy filtered resources.
2017-12-18 11:51:05,328 [Worker-63] INFO  o.e.m.c.i.embedder.EclipseLogger - skip non existing resourceDirectory C:\Users\a07208trng_b4b.04.25\Desktop\Rohan_SpringCore\Day1demo4\src\main\resources
2017-12-18 11:51:05,328 [Worker-63] INFO  o.e.m.c.i.embedder.EclipseLogger - Using 'UTF-8' encoding to copy filtered resources.
2017-12-18 11:51:05,328 [Worker-63] INFO  o.e.m.c.i.embedder.EclipseLogger - skip non existing resourceDirectory C:\Users\a07208trng_b4b.04.25\Desktop\Rohan_SpringCore\Day1demo4\src\test\resources
2017-12-18 11:52:20,528 [Worker-63] INFO  o.e.m.c.i.embedder.EclipseLogger - Using 'UTF-8' encoding to copy filtered resources.
2017-12-18 11:52:20,528 [Worker-63] INFO  o.e.m.c.i.embedder.EclipseLogger - skip non existing resourceDirectory C:\Users\a07208trng_b4b.04.25\Desktop\Rohan_SpringCore\Day1demo4\src\main\resources
2017-12-18 11:52:20,528 [Worker-63] INFO  o.e.m.c.i.embedder.EclipseLogger - Using 'UTF-8' encoding to copy filtered resources.
2017-12-18 11:52:20,528 [Worker-63] INFO  o.e.m.c.i.embedder.EclipseLogger - skip non existing resourceDirectory C:\Users\a07208trng_b4b.04.25\Desktop\Rohan_SpringCore\Day1demo4\src\test\resources
2017-12-18 11:52:37,450 [Worker-60] INFO  o.e.m.c.i.embedder.EclipseLogger - Using 'UTF-8' encoding to copy filtered resources.
2017-12-18 11:52:37,450 [Worker-60] INFO  o.e.m.c.i.embedder.EclipseLogger - skip non existing resourceDirectory C:\Users\a07208trng_b4b.04.25\Desktop\Rohan_SpringCore\Day1demo4\src\main\resources
2017-12-18 11:52:37,450 [Worker-60] INFO  o.e.m.c.i.embedder.EclipseLogger - Using 'UTF-8' encoding to copy filtered resources.
2017-12-18 11:52:37,450 [Worker-60] INFO  o.e.m.c.i.embedder.EclipseLogger - skip non existing resourceDirectory C:\Users\a07208trng_b4b.04.25\Desktop\Rohan_SpringCore\Day1demo4\src\test\resources
2017-12-18 11:52:54,606 [Worker-58] INFO  o.e.m.c.i.embedder.EclipseLogger - Using 'UTF-8' encoding to copy filtered resources.
2017-12-18 11:52:54,606 [Worker-58] INFO  o.e.m.c.i.embedder.EclipseLogger - skip non existing resourceDirectory C:\Users\a07208trng_b4b.04.25\Desktop\Rohan_SpringCore\Day1demo4\src\main\resources
2017-12-18 11:52:54,606 [Worker-58] INFO  o.e.m.c.i.embedder.EclipseLogger - Using 'UTF-8' encoding to copy filtered resources.
2017-12-18 11:52:54,606 [Worker-58] INFO  o.e.m.c.i.embedder.EclipseLogger - skip non existing resourceDirectory C:\Users\a07208trng_b4b.04.25\Desktop\Rohan_SpringCore\Day1demo4\src\test\resources
2017-12-18 11:53:09,529 [Worker-64] INFO  o.e.m.c.i.embedder.EclipseLogger - Using 'UTF-8' encoding to copy filtered resources.
2017-12-18 11:53:09,529 [Worker-64] INFO  o.e.m.c.i.embedder.EclipseLogger - skip non existing resourceDirectory C:\Users\a07208trng_b4b.04.25\Desktop\Rohan_SpringCore\Day1demo4\src\main\resources
2017-12-18 11:53:09,529 [Worker-64] INFO  o.e.m.c.i.embedder.EclipseLogger - Using 'UTF-8' encoding to copy filtered resources.
2017-12-18 11:53:09,529 [Worker-64] INFO  o.e.m.c.i.embedder.EclipseLogger - skip non existing resourceDirectory C:\Users\a07208trng_b4b.04.25\Desktop\Rohan_SpringCore\Day1demo4\src\test\resources
2017-12-18 11:53:26,045 [Worker-64] INFO  o.e.m.c.i.embedder.EclipseLogger - Using 'UTF-8' encoding to copy filtered resources.
2017-12-18 11:53:26,045 [Worker-64] INFO  o.e.m.c.i.embedder.EclipseLogger - skip non existing resourceDirectory C:\Users\a07208trng_b4b.04.25\Desktop\Rohan_SpringCore\Day1demo4\src\main\resources
2017-12-18 11:53:26,045 [Worker-64] INFO  o.e.m.c.i.embedder.EclipseLogger - Using 'UTF-8' encoding to copy filtered resources.
2017-12-18 11:53:26,045 [Worker-64] INFO  o.e.m.c.i.embedder.EclipseLogger - skip non existing resourceDirectory C:\Users\a07208trng_b4b.04.25\Desktop\Rohan_SpringCore\Day1demo4\src\test\resources
2017-12-18 11:53:37,029 [Worker-64] INFO  o.e.m.c.i.embedder.EclipseLogger - Using 'UTF-8' encoding to copy filtered resources.
2017-12-18 11:53:37,029 [Worker-64] INFO  o.e.m.c.i.embedder.EclipseLogger - skip non existing resourceDirectory C:\Users\a07208trng_b4b.04.25\Desktop\Rohan_SpringCore\Day1demo4\src\main\resources
2017-12-18 11:53:37,029 [Worker-64] INFO  o.e.m.c.i.embedder.EclipseLogger - Using 'UTF-8' encoding to copy filtered resources.
2017-12-18 11:53:37,029 [Worker-64] INFO  o.e.m.c.i.embedder.EclipseLogger - skip non existing resourceDirectory C:\Users\a07208trng_b4b.04.25\Desktop\Rohan_SpringCore\Day1demo4\src\test\resources
2017-12-18 11:53:48,467 [Worker-63] INFO  o.e.m.c.i.embedder.EclipseLogger - Using 'UTF-8' encoding to copy filtered resources.
2017-12-18 11:53:48,467 [Worker-63] INFO  o.e.m.c.i.embedder.EclipseLogger - skip non existing resourceDirectory C:\Users\a07208trng_b4b.04.25\Desktop\Rohan_SpringCore\Day1demo4\src\main\resources
2017-12-18 11:53:48,467 [Worker-63] INFO  o.e.m.c.i.embedder.EclipseLogger - Using 'UTF-8' encoding to copy filtered resources.
2017-12-18 11:53:48,467 [Worker-63] INFO  o.e.m.c.i.embedder.EclipseLogger - skip non existing resourceDirectory C:\Users\a07208trng_b4b.04.25\Desktop\Rohan_SpringCore\Day1demo4\src\test\resources
2017-12-18 11:54:12,405 [Worker-59] INFO  o.e.m.c.i.embedder.EclipseLogger - Using 'UTF-8' encoding to copy filtered resources.
2017-12-18 11:54:12,405 [Worker-59] INFO  o.e.m.c.i.embedder.EclipseLogger - skip non existing resourceDirectory C:\Users\a07208trng_b4b.04.25\Desktop\Rohan_SpringCore\Day1demo4\src\main\resources
2017-12-18 11:54:12,405 [Worker-59] INFO  o.e.m.c.i.embedder.EclipseLogger - Using 'UTF-8' encoding to copy filtered resources.
2017-12-18 11:54:12,405 [Worker-59] INFO  o.e.m.c.i.embedder.EclipseLogger - skip non existing resourceDirectory C:\Users\a07208trng_b4b.04.25\Desktop\Rohan_SpringCore\Day1demo4\src\test\resources
2017-12-18 11:54:23,124 [Worker-63] INFO  o.e.m.c.i.embedder.EclipseLogger - Using 'UTF-8' encoding to copy filtered resources.
2017-12-18 11:54:23,124 [Worker-63] INFO  o.e.m.c.i.embedder.EclipseLogger - skip non existing resourceDirectory C:\Users\a07208trng_b4b.04.25\Desktop\Rohan_SpringCore\Day1demo4\src\main\resources
2017-12-18 11:54:23,124 [Worker-63] INFO  o.e.m.c.i.embedder.EclipseLogger - Using 'UTF-8' encoding to copy filtered resources.
2017-12-18 11:54:23,124 [Worker-63] INFO  o.e.m.c.i.embedder.EclipseLogger - skip non existing resourceDirectory C:\Users\a07208trng_b4b.04.25\Desktop\Rohan_SpringCore\Day1demo4\src\test\resources
2017-12-18 11:55:16,813 [Worker-63] INFO  o.e.m.c.i.embedder.EclipseLogger - Using 'UTF-8' encoding to copy filtered resources.
2017-12-18 11:55:16,813 [Worker-63] INFO  o.e.m.c.i.embedder.EclipseLogger - skip non existing resourceDirectory C:\Users\a07208trng_b4b.04.25\Desktop\Rohan_SpringCore\Day1demo4\src\main\resources
2017-12-18 11:55:16,813 [Worker-63] INFO  o.e.m.c.i.embedder.EclipseLogger - Using 'UTF-8' encoding to copy filtered resources.
2017-12-18 11:55:16,813 [Worker-63] INFO  o.e.m.c.i.embedder.EclipseLogger - skip non existing resourceDirectory C:\Users\a07208trng_b4b.04.25\Desktop\Rohan_SpringCore\Day1demo4\src\test\resources
2017-12-18 11:58:02,866 [Worker-60] INFO  o.e.m.c.i.embedder.EclipseLogger - Using 'UTF-8' encoding to copy filtered resources.
2017-12-18 11:58:02,866 [Worker-60] INFO  o.e.m.c.i.embedder.EclipseLogger - skip non existing resourceDirectory C:\Users\a07208trng_b4b.04.25\Desktop\Rohan_SpringCore\Day1demo4\src\main\resources
2017-12-18 11:58:02,866 [Worker-60] INFO  o.e.m.c.i.embedder.EclipseLogger - Using 'UTF-8' encoding to copy filtered resources.
2017-12-18 11:58:02,866 [Worker-60] INFO  o.e.m.c.i.embedder.EclipseLogger - skip non existing resourceDirectory C:\Users\a07208trng_b4b.04.25\Desktop\Rohan_SpringCore\Day1demo4\src\test\resources
2017-12-18 12:03:03,967 [Worker-59] INFO  o.e.m.c.i.embedder.EclipseLogger - Using 'UTF-8' encoding to copy filtered resources.
2017-12-18 12:03:03,967 [Worker-59] INFO  o.e.m.c.i.embedder.EclipseLogger - skip non existing resourceDirectory C:\Users\a07208trng_b4b.04.25\Desktop\Rohan_SpringCore\Day1demo4\src\main\resources
2017-12-18 12:03:03,967 [Worker-59] INFO  o.e.m.c.i.embedder.EclipseLogger - Using 'UTF-8' encoding to copy filtered resources.
2017-12-18 12:03:03,967 [Worker-59] INFO  o.e.m.c.i.embedder.EclipseLogger - skip non existing resourceDirectory C:\Users\a07208trng_b4b.04.25\Desktop\Rohan_SpringCore\Day1demo4\src\test\resources
2017-12-18 12:03:39,281 [Worker-65] INFO  o.e.m.c.i.embedder.EclipseLogger - Using 'UTF-8' encoding to copy filtered resources.
2017-12-18 12:03:39,281 [Worker-65] INFO  o.e.m.c.i.embedder.EclipseLogger - skip non existing resourceDirectory C:\Users\a07208trng_b4b.04.25\Desktop\Rohan_SpringCore\Day1demo4\src\main\resources
2017-12-18 12:03:39,281 [Worker-65] INFO  o.e.m.c.i.embedder.EclipseLogger - Using 'UTF-8' encoding to copy filtered resources.
2017-12-18 12:03:39,281 [Worker-65] INFO  o.e.m.c.i.embedder.EclipseLogger - skip non existing resourceDirectory C:\Users\a07208trng_b4b.04.25\Desktop\Rohan_SpringCore\Day1demo4\src\test\resources
2017-12-18 12:03:42,390 [Worker-65] INFO  o.e.m.c.i.embedder.EclipseLogger - Using 'UTF-8' encoding to copy filtered resources.
2017-12-18 12:03:42,390 [Worker-65] INFO  o.e.m.c.i.embedder.EclipseLogger - skip non existing resourceDirectory C:\Users\a07208trng_b4b.04.25\Desktop\Rohan_SpringCore\Day1demo4\src\main\resources
2017-12-18 12:03:42,390 [Worker-65] INFO  o.e.m.c.i.embedder.EclipseLogger - Using 'UTF-8' encoding to copy filtered resources.
2017-12-18 12:03:42,390 [Worker-65] INFO  o.e.m.c.i.embedder.EclipseLogger - skip non existing resourceDirectory C:\Users\a07208trng_b4b.04.25\Desktop\Rohan_SpringCore\Day1demo4\src\test\resources
2017-12-18 12:03:43,484 [Worker-65] INFO  o.e.m.c.i.embedder.EclipseLogger - Using 'UTF-8' encoding to copy filtered resources.
2017-12-18 12:03:43,484 [Worker-65] INFO  o.e.m.c.i.embedder.EclipseLogger - skip non existing resourceDirectory C:\Users\a07208trng_b4b.04.25\Desktop\Rohan_SpringCore\Day1demo4\src\main\resources
2017-12-18 12:03:43,484 [Worker-65] INFO  o.e.m.c.i.embedder.EclipseLogger - Using 'UTF-8' encoding to copy filtered resources.
2017-12-18 12:03:43,484 [Worker-65] INFO  o.e.m.c.i.embedder.EclipseLogger - skip non existing resourceDirectory C:\Users\a07208trng_b4b.04.25\Desktop\Rohan_SpringCore\Day1demo4\src\test\resources
2017-12-18 12:03:46,203 [Worker-59] INFO  o.e.m.c.i.embedder.EclipseLogger - Using 'UTF-8' encoding to copy filtered resources.
2017-12-18 12:03:46,203 [Worker-59] INFO  o.e.m.c.i.embedder.EclipseLogger - skip non existing resourceDirectory C:\Users\a07208trng_b4b.04.25\Desktop\Rohan_SpringCore\Day1demo4\src\main\resources
2017-12-18 12:03:46,203 [Worker-59] INFO  o.e.m.c.i.embedder.EclipseLogger - Using 'UTF-8' encoding to copy filtered resources.
2017-12-18 12:03:46,203 [Worker-59] INFO  o.e.m.c.i.embedder.EclipseLogger - skip non existing resourceDirectory C:\Users\a07208trng_b4b.04.25\Desktop\Rohan_SpringCore\Day1demo4\src\test\resources
2017-12-18 12:06:19,160 [Worker-59] INFO  o.e.m.c.i.embedder.EclipseLogger - Using 'UTF-8' encoding to copy filtered resources.
2017-12-18 12:06:19,160 [Worker-59] INFO  o.e.m.c.i.embedder.EclipseLogger - skip non existing resourceDirectory C:\Users\a07208trng_b4b.04.25\Desktop\Rohan_SpringCore\Day1Emp\src\main\resources
2017-12-18 12:06:19,160 [Worker-59] INFO  o.e.m.c.i.embedder.EclipseLogger - Using 'UTF-8' encoding to copy filtered resources.
2017-12-18 12:06:19,160 [Worker-59] INFO  o.e.m.c.i.embedder.EclipseLogger - skip non existing resourceDirectory C:\Users\a07208trng_b4b.04.25\Desktop\Rohan_SpringCore\Day1Emp\src\test\resources
2017-12-18 12:06:34,020 [Worker-66] INFO  o.e.m.c.i.embedder.EclipseLogger - Using 'UTF-8' encoding to copy filtered resources.
2017-12-18 12:06:34,020 [Worker-66] INFO  o.e.m.c.i.embedder.EclipseLogger - skip non existing resourceDirectory C:\Users\a07208trng_b4b.04.25\Desktop\Rohan_SpringCore\Day1Emp\src\main\resources
2017-12-18 12:06:34,036 [Worker-66] INFO  o.e.m.c.i.embedder.EclipseLogger - Using 'UTF-8' encoding to copy filtered resources.
2017-12-18 12:06:34,036 [Worker-66] INFO  o.e.m.c.i.embedder.EclipseLogger - skip non existing resourceDirectory C:\Users\a07208trng_b4b.04.25\Desktop\Rohan_SpringCore\Day1Emp\src\test\resources
2017-12-18 12:07:37,037 [Worker-59] INFO  o.e.m.c.i.embedder.EclipseLogger - Using 'UTF-8' encoding to copy filtered resources.
2017-12-18 12:07:37,037 [Worker-59] INFO  o.e.m.c.i.embedder.EclipseLogger - skip non existing resourceDirectory C:\Users\a07208trng_b4b.04.25\Desktop\Rohan_SpringCore\Day1Emp\src\main\resources
2017-12-18 12:07:37,037 [Worker-59] INFO  o.e.m.c.i.embedder.EclipseLogger - Using 'UTF-8' encoding to copy filtered resources.
2017-12-18 12:07:37,037 [Worker-59] INFO  o.e.m.c.i.embedder.EclipseLogger - skip non existing resourceDirectory C:\Users\a07208trng_b4b.04.25\Desktop\Rohan_SpringCore\Day1Emp\src\test\resources
2017-12-18 12:08:15,413 [Worker-66] INFO  o.e.m.c.i.embedder.EclipseLogger - Using 'UTF-8' encoding to copy filtered resources.
2017-12-18 12:08:15,413 [Worker-66] INFO  o.e.m.c.i.embedder.EclipseLogger - skip non existing resourceDirectory C:\Users\a07208trng_b4b.04.25\Desktop\Rohan_SpringCore\Day1Emp\src\main\resources
2017-12-18 12:08:15,413 [Worker-66] INFO  o.e.m.c.i.embedder.EclipseLogger - Using 'UTF-8' encoding to copy filtered resources.
2017-12-18 12:08:15,413 [Worker-66] INFO  o.e.m.c.i.embedder.EclipseLogger - skip non existing resourceDirectory C:\Users\a07208trng_b4b.04.25\Desktop\Rohan_SpringCore\Day1Emp\src\test\resources
2017-12-18 12:10:03,620 [Worker-64] INFO  o.e.m.c.i.embedder.EclipseLogger - Using 'UTF-8' encoding to copy filtered resources.
2017-12-18 12:10:03,620 [Worker-64] INFO  o.e.m.c.i.embedder.EclipseLogger - skip non existing resourceDirectory C:\Users\a07208trng_b4b.04.25\Desktop\Rohan_SpringCore\Day1demo4\src\main\resources
2017-12-18 12:10:03,620 [Worker-64] INFO  o.e.m.c.i.embedder.EclipseLogger - Using 'UTF-8' encoding to copy filtered resources.
2017-12-18 12:10:03,620 [Worker-64] INFO  o.e.m.c.i.embedder.EclipseLogger - skip non existing resourceDirectory C:\Users\a07208trng_b4b.04.25\Desktop\Rohan_SpringCore\Day1demo4\src\test\resources
2017-12-18 12:11:33,357 [Worker-64] INFO  o.e.m.c.i.embedder.EclipseLogger - Using 'UTF-8' encoding to copy filtered resources.
2017-12-18 12:11:33,357 [Worker-64] INFO  o.e.m.c.i.embedder.EclipseLogger - skip non existing resourceDirectory C:\Users\a07208trng_b4b.04.25\Desktop\Rohan_SpringCore\Day1demo4\src\main\resources
2017-12-18 12:11:33,357 [Worker-64] INFO  o.e.m.c.i.embedder.EclipseLogger - Using 'UTF-8' encoding to copy filtered resources.
2017-12-18 12:11:33,357 [Worker-64] INFO  o.e.m.c.i.embedder.EclipseLogger - skip non existing resourceDirectory C:\Users\a07208trng_b4b.04.25\Desktop\Rohan_SpringCore\Day1demo4\src\test\resources
2017-12-18 12:12:22,248 [Worker-68] INFO  o.e.m.c.i.embedder.EclipseLogger - Using 'UTF-8' encoding to copy filtered resources.
2017-12-18 12:12:22,248 [Worker-68] INFO  o.e.m.c.i.embedder.EclipseLogger - skip non existing resourceDirectory C:\Users\a07208trng_b4b.04.25\Desktop\Rohan_SpringCore\Day1demo4\src\main\resources
2017-12-18 12:12:22,248 [Worker-68] INFO  o.e.m.c.i.embedder.EclipseLogger - Using 'UTF-8' encoding to copy filtered resources.
2017-12-18 12:12:22,264 [Worker-68] INFO  o.e.m.c.i.embedder.EclipseLogger - skip non existing resourceDirectory C:\Users\a07208trng_b4b.04.25\Desktop\Rohan_SpringCore\Day1demo4\src\test\resources
2017-12-18 12:15:41,940 [Worker-67] INFO  o.e.m.c.i.embedder.EclipseLogger - Using 'UTF-8' encoding to copy filtered resources.
2017-12-18 12:15:41,940 [Worker-67] INFO  o.e.m.c.i.embedder.EclipseLogger - skip non existing resourceDirectory C:\Users\a07208trng_b4b.04.25\Desktop\Rohan_SpringCore\Day1demo4\src\main\resources
2017-12-18 12:15:41,940 [Worker-67] INFO  o.e.m.c.i.embedder.EclipseLogger - Using 'UTF-8' encoding to copy filtered resources.
2017-12-18 12:15:41,940 [Worker-67] INFO  o.e.m.c.i.embedder.EclipseLogger - skip non existing resourceDirectory C:\Users\a07208trng_b4b.04.25\Desktop\Rohan_SpringCore\Day1demo4\src\test\resources
2017-12-18 12:15:52,222 [Worker-65] INFO  o.e.m.c.i.embedder.EclipseLogger - Using 'UTF-8' encoding to copy filtered resources.
2017-12-18 12:15:52,222 [Worker-65] INFO  o.e.m.c.i.embedder.EclipseLogger - skip non existing resourceDirectory C:\Users\a07208trng_b4b.04.25\Desktop\Rohan_SpringCore\Day1demo4\src\main\resources
2017-12-18 12:15:52,222 [Worker-65] INFO  o.e.m.c.i.embedder.EclipseLogger - Using 'UTF-8' encoding to copy filtered resources.
2017-12-18 12:15:52,222 [Worker-65] INFO  o.e.m.c.i.embedder.EclipseLogger - skip non existing resourceDirectory C:\Users\a07208trng_b4b.04.25\Desktop\Rohan_SpringCore\Day1demo4\src\test\resources
2017-12-18 12:16:20,691 [Worker-68] INFO  o.e.m.c.i.embedder.EclipseLogger - Using 'UTF-8' encoding to copy filtered resources.
2017-12-18 12:16:20,691 [Worker-68] INFO  o.e.m.c.i.embedder.EclipseLogger - skip non existing resourceDirectory C:\Users\a07208trng_b4b.04.25\Desktop\Rohan_SpringCore\Day1demo4\src\main\resources
2017-12-18 12:16:20,691 [Worker-68] INFO  o.e.m.c.i.embedder.EclipseLogger - Using 'UTF-8' encoding to copy filtered resources.
2017-12-18 12:16:20,691 [Worker-68] INFO  o.e.m.c.i.embedder.EclipseLogger - skip non existing resourceDirectory C:\Users\a07208trng_b4b.04.25\Desktop\Rohan_SpringCore\Day1demo4\src\test\resources
2017-12-18 12:18:14,584 [Worker-68] INFO  o.e.m.c.i.p.ProjectConfigurationManager - Collecting project info '/pom.xml' C:\Users\a07208trng_b4b.04.25\Desktop\Rohan_SpringCore\ContructorInjection\pom.xml
2017-12-18 12:18:14,647 [Worker-68] INFO  o.e.m.c.i.l.LifecycleMappingFactory - Using org.eclipse.m2e.jdt.JarLifecycleMapping lifecycle mapping for MavenProject: com.test.demo5:ContructorInjection:0.0.1-SNAPSHOT @ C:\Users\a07208trng_b4b.04.25\Desktop\Rohan_SpringCore\ContructorInjection\pom.xml.
2017-12-18 12:18:14,803 [Worker-68] INFO  o.e.m.j.i.AbstractJavaProjectConfigurator - Adding source folder /ContructorInjection/src/main/java
2017-12-18 12:18:14,818 [Worker-68] INFO  o.e.m.j.i.AbstractJavaProjectConfigurator - Adding source folder /ContructorInjection/src/test/java
2017-12-18 12:18:14,865 [Worker-68] INFO  o.e.m.c.i.p.ProjectConfigurationManager - Imported and configured 1 project(s) in 0 sec
2017-12-18 12:18:15,053 [Worker-65] INFO  o.e.m.c.i.embedder.EclipseLogger - Using 'UTF-8' encoding to copy filtered resources.
2017-12-18 12:18:15,053 [Worker-65] INFO  o.e.m.c.i.embedder.EclipseLogger - skip non existing resourceDirectory C:\Users\a07208trng_b4b.04.25\Desktop\Rohan_SpringCore\ContructorInjection\src\main\resources
2017-12-18 12:18:15,053 [Worker-65] INFO  o.e.m.c.i.embedder.EclipseLogger - Using 'UTF-8' encoding to copy filtered resources.
2017-12-18 12:18:15,053 [Worker-65] INFO  o.e.m.c.i.embedder.EclipseLogger - skip non existing resourceDirectory C:\Users\a07208trng_b4b.04.25\Desktop\Rohan_SpringCore\ContructorInjection\src\test\resources
2017-12-18 12:21:32,754 [Worker-68] INFO  o.e.m.c.i.l.LifecycleMappingFactory - Using org.eclipse.m2e.jdt.JarLifecycleMapping lifecycle mapping for MavenProject: com.test.demo5:ContructorInjection:0.0.1-SNAPSHOT @ C:\Users\a07208trng_b4b.04.25\Desktop\Rohan_SpringCore\ContructorInjection\pom.xml.
2017-12-18 12:21:33,051 [Worker-68] INFO  o.e.m.c.i.embedder.EclipseLogger - Using 'UTF-8' encoding to copy filtered resources.
2017-12-18 12:21:33,051 [Worker-68] INFO  o.e.m.c.i.embedder.EclipseLogger - skip non existing resourceDirectory C:\Users\a07208trng_b4b.04.25\Desktop\Rohan_SpringCore\ContructorInjection\src\main\resources
2017-12-18 12:21:33,051 [Worker-68] INFO  o.e.m.c.i.embedder.EclipseLogger - Using 'UTF-8' encoding to copy filtered resources.
2017-12-18 12:21:33,051 [Worker-68] INFO  o.e.m.c.i.embedder.EclipseLogger - skip non existing resourceDirectory C:\Users\a07208trng_b4b.04.25\Desktop\Rohan_SpringCore\ContructorInjection\src\test\resources
2017-12-18 12:21:34,224 [Worker-66] INFO  o.e.m.c.i.embedder.EclipseLogger - Using 'UTF-8' encoding to copy filtered resources.
2017-12-18 12:21:34,224 [Worker-66] INFO  o.e.m.c.i.embedder.EclipseLogger - skip non existing resourceDirectory C:\Users\a07208trng_b4b.04.25\Desktop\Rohan_SpringCore\ContructorInjection\src\main\resources
2017-12-18 12:21:34,224 [Worker-66] INFO  o.e.m.c.i.embedder.EclipseLogger - Using 'UTF-8' encoding to copy filtered resources.
2017-12-18 12:21:34,224 [Worker-66] INFO  o.e.m.c.i.embedder.EclipseLogger - skip non existing resourceDirectory C:\Users\a07208trng_b4b.04.25\Desktop\Rohan_SpringCore\ContructorInjection\src\test\resources
2017-12-18 12:21:52,115 [Worker-67] INFO  o.e.m.c.i.embedder.EclipseLogger - Using 'UTF-8' encoding to copy filtered resources.
2017-12-18 12:21:52,115 [Worker-67] INFO  o.e.m.c.i.embedder.EclipseLogger - skip non existing resourceDirectory C:\Users\a07208trng_b4b.04.25\Desktop\Rohan_SpringCore\ContructorInjection\src\main\resources
2017-12-18 12:21:52,115 [Worker-67] INFO  o.e.m.c.i.embedder.EclipseLogger - Using 'UTF-8' encoding to copy filtered resources.
2017-12-18 12:21:52,115 [Worker-67] INFO  o.e.m.c.i.embedder.EclipseLogger - skip non existing resourceDirectory C:\Users\a07208trng_b4b.04.25\Desktop\Rohan_SpringCore\ContructorInjection\src\test\resources
2017-12-18 12:24:06,914 [Worker-69] INFO  o.e.m.c.i.embedder.EclipseLogger - Using 'UTF-8' encoding to copy filtered resources.
2017-12-18 12:24:06,914 [Worker-69] INFO  o.e.m.c.i.embedder.EclipseLogger - skip non existing resourceDirectory C:\Users\a07208trng_b4b.04.25\Desktop\Rohan_SpringCore\ContructorInjection\src\main\resources
2017-12-18 12:24:06,914 [Worker-69] INFO  o.e.m.c.i.embedder.EclipseLogger - Using 'UTF-8' encoding to copy filtered resources.
2017-12-18 12:24:06,914 [Worker-69] INFO  o.e.m.c.i.embedder.EclipseLogger - skip non existing resourceDirectory C:\Users\a07208trng_b4b.04.25\Desktop\Rohan_SpringCore\ContructorInjection\src\test\resources
2017-12-18 12:26:34,043 [Worker-65] INFO  o.e.m.c.i.embedder.EclipseLogger - Using 'UTF-8' encoding to copy filtered resources.
2017-12-18 12:26:34,043 [Worker-65] INFO  o.e.m.c.i.embedder.EclipseLogger - skip non existing resourceDirectory C:\Users\a07208trng_b4b.04.25\Desktop\Rohan_SpringCore\ContructorInjection\src\main\resources
2017-12-18 12:26:34,058 [Worker-65] INFO  o.e.m.c.i.embedder.EclipseLogger - Using 'UTF-8' encoding to copy filtered resources.
2017-12-18 12:26:34,058 [Worker-65] INFO  o.e.m.c.i.embedder.EclipseLogger - skip non existing resourceDirectory C:\Users\a07208trng_b4b.04.25\Desktop\Rohan_SpringCore\ContructorInjection\src\test\resources
2017-12-18 12:27:01,669 [Worker-69] INFO  o.e.m.c.i.embedder.EclipseLogger - Using 'UTF-8' encoding to copy filtered resources.
2017-12-18 12:27:01,669 [Worker-69] INFO  o.e.m.c.i.embedder.EclipseLogger - skip non existing resourceDirectory C:\Users\a07208trng_b4b.04.25\Desktop\Rohan_SpringCore\ContructorInjection\src\main\resources
2017-12-18 12:27:01,669 [Worker-69] INFO  o.e.m.c.i.embedder.EclipseLogger - Using 'UTF-8' encoding to copy filtered resources.
2017-12-18 12:27:01,669 [Worker-69] INFO  o.e.m.c.i.embedder.EclipseLogger - skip non existing resourceDirectory C:\Users\a07208trng_b4b.04.25\Desktop\Rohan_SpringCore\ContructorInjection\src\test\resources
2017-12-18 12:27:10,200 [Worker-64] INFO  o.e.m.c.i.embedder.EclipseLogger - Using 'UTF-8' encoding to copy filtered resources.
2017-12-18 12:27:10,200 [Worker-64] INFO  o.e.m.c.i.embedder.EclipseLogger - skip non existing resourceDirectory C:\Users\a07208trng_b4b.04.25\Desktop\Rohan_SpringCore\ContructorInjection\src\main\resources
2017-12-18 12:27:10,200 [Worker-64] INFO  o.e.m.c.i.embedder.EclipseLogger - Using 'UTF-8' encoding to copy filtered resources.
2017-12-18 12:27:10,200 [Worker-64] INFO  o.e.m.c.i.embedder.EclipseLogger - skip non existing resourceDirectory C:\Users\a07208trng_b4b.04.25\Desktop\Rohan_SpringCore\ContructorInjection\src\test\resources
2017-12-18 12:28:03,655 [Worker-68] INFO  o.e.m.c.i.embedder.EclipseLogger - Using 'UTF-8' encoding to copy filtered resources.
2017-12-18 12:28:03,655 [Worker-68] INFO  o.e.m.c.i.embedder.EclipseLogger - skip non existing resourceDirectory C:\Users\a07208trng_b4b.04.25\Desktop\Rohan_SpringCore\ContructorInjection\src\main\resources
2017-12-18 12:28:03,655 [Worker-68] INFO  o.e.m.c.i.embedder.EclipseLogger - Using 'UTF-8' encoding to copy filtered resources.
2017-12-18 12:28:03,655 [Worker-68] INFO  o.e.m.c.i.embedder.EclipseLogger - skip non existing resourceDirectory C:\Users\a07208trng_b4b.04.25\Desktop\Rohan_SpringCore\ContructorInjection\src\test\resources
2017-12-18 12:30:23,502 [Worker-69] INFO  o.e.m.c.i.embedder.EclipseLogger - Using 'UTF-8' encoding to copy filtered resources.
2017-12-18 12:30:23,518 [Worker-69] INFO  o.e.m.c.i.embedder.EclipseLogger - skip non existing resourceDirectory C:\Users\a07208trng_b4b.04.25\Desktop\Rohan_SpringCore\ContructorInjection\src\main\resources
2017-12-18 12:30:23,518 [Worker-69] INFO  o.e.m.c.i.embedder.EclipseLogger - Using 'UTF-8' encoding to copy filtered resources.
2017-12-18 12:30:23,518 [Worker-69] INFO  o.e.m.c.i.embedder.EclipseLogger - skip non existing resourceDirectory C:\Users\a07208trng_b4b.04.25\Desktop\Rohan_SpringCore\ContructorInjection\src\test\resources
2017-12-18 12:30:43,675 [Worker-66] INFO  o.e.m.c.i.embedder.EclipseLogger - Using 'UTF-8' encoding to copy filtered resources.
2017-12-18 12:30:43,675 [Worker-66] INFO  o.e.m.c.i.embedder.EclipseLogger - skip non existing resourceDirectory C:\Users\a07208trng_b4b.04.25\Desktop\Rohan_SpringCore\ContructorInjection\src\main\resources
2017-12-18 12:30:43,675 [Worker-66] INFO  o.e.m.c.i.embedder.EclipseLogger - Using 'UTF-8' encoding to copy filtered resources.
2017-12-18 12:30:43,675 [Worker-66] INFO  o.e.m.c.i.embedder.EclipseLogger - skip non existing resourceDirectory C:\Users\a07208trng_b4b.04.25\Desktop\Rohan_SpringCore\ContructorInjection\src\test\resources
2017-12-18 12:37:08,135 [Worker-70] INFO  o.e.m.c.i.embedder.EclipseLogger - Using 'UTF-8' encoding to copy filtered resources.
2017-12-18 12:37:08,135 [Worker-70] INFO  o.e.m.c.i.embedder.EclipseLogger - skip non existing resourceDirectory C:\Users\a07208trng_b4b.04.25\Desktop\Rohan_SpringCore\ContructorInjection\src\main\resources
2017-12-18 12:37:08,135 [Worker-70] INFO  o.e.m.c.i.embedder.EclipseLogger - Using 'UTF-8' encoding to copy filtered resources.
2017-12-18 12:37:08,135 [Worker-70] INFO  o.e.m.c.i.embedder.EclipseLogger - skip non existing resourceDirectory C:\Users\a07208trng_b4b.04.25\Desktop\Rohan_SpringCore\ContructorInjection\src\test\resources
2017-12-18 12:37:36,651 [Worker-69] INFO  o.e.m.c.i.embedder.EclipseLogger - Using 'UTF-8' encoding to copy filtered resources.
2017-12-18 12:37:36,651 [Worker-69] INFO  o.e.m.c.i.embedder.EclipseLogger - skip non existing resourceDirectory C:\Users\a07208trng_b4b.04.25\Desktop\Rohan_SpringCore\ContructorInjection\src\main\resources
2017-12-18 12:37:36,651 [Worker-69] INFO  o.e.m.c.i.embedder.EclipseLogger - Using 'UTF-8' encoding to copy filtered resources.
2017-12-18 12:37:36,651 [Worker-69] INFO  o.e.m.c.i.embedder.EclipseLogger - skip non existing resourceDirectory C:\Users\a07208trng_b4b.04.25\Desktop\Rohan_SpringCore\ContructorInjection\src\test\resources
2017-12-18 12:38:23,511 [Worker-65] INFO  o.e.m.c.i.embedder.EclipseLogger - Using 'UTF-8' encoding to copy filtered resources.
2017-12-18 12:38:23,511 [Worker-65] INFO  o.e.m.c.i.embedder.EclipseLogger - skip non existing resourceDirectory C:\Users\a07208trng_b4b.04.25\Desktop\Rohan_SpringCore\ContructorInjection\src\main\resources
2017-12-18 12:38:23,511 [Worker-65] INFO  o.e.m.c.i.embedder.EclipseLogger - Using 'UTF-8' encoding to copy filtered resources.
2017-12-18 12:38:23,511 [Worker-65] INFO  o.e.m.c.i.embedder.EclipseLogger - skip non existing resourceDirectory C:\Users\a07208trng_b4b.04.25\Desktop\Rohan_SpringCore\ContructorInjection\src\test\resources
2017-12-18 12:38:30,230 [Worker-68] INFO  o.e.m.c.i.embedder.EclipseLogger - Using 'UTF-8' encoding to copy filtered resources.
2017-12-18 12:38:30,230 [Worker-68] INFO  o.e.m.c.i.embedder.EclipseLogger - skip non existing resourceDirectory C:\Users\a07208trng_b4b.04.25\Desktop\Rohan_SpringCore\ContructorInjection\src\main\resources
2017-12-18 12:38:30,230 [Worker-68] INFO  o.e.m.c.i.embedder.EclipseLogger - Using 'UTF-8' encoding to copy filtered resources.
2017-12-18 12:38:30,230 [Worker-68] INFO  o.e.m.c.i.embedder.EclipseLogger - skip non existing resourceDirectory C:\Users\a07208trng_b4b.04.25\Desktop\Rohan_SpringCore\ContructorInjection\src\test\resources
2017-12-18 12:40:14,404 [Worker-69] INFO  o.e.m.c.i.embedder.EclipseLogger - Using 'UTF-8' encoding to copy filtered resources.
2017-12-18 12:40:14,404 [Worker-69] INFO  o.e.m.c.i.embedder.EclipseLogger - skip non existing resourceDirectory C:\Users\a07208trng_b4b.04.25\Desktop\Rohan_SpringCore\ContructorInjection\src\main\resources
2017-12-18 12:40:14,404 [Worker-69] INFO  o.e.m.c.i.embedder.EclipseLogger - Using 'UTF-8' encoding to copy filtered resources.
2017-12-18 12:40:14,404 [Worker-69] INFO  o.e.m.c.i.embedder.EclipseLogger - skip non existing resourceDirectory C:\Users\a07208trng_b4b.04.25\Desktop\Rohan_SpringCore\ContructorInjection\src\test\resources
2017-12-18 12:40:32,736 [Worker-66] INFO  o.e.m.c.i.embedder.EclipseLogger - Using 'UTF-8' encoding to copy filtered resources.
2017-12-18 12:40:32,736 [Worker-66] INFO  o.e.m.c.i.embedder.EclipseLogger - skip non existing resourceDirectory C:\Users\a07208trng_b4b.04.25\Desktop\Rohan_SpringCore\ContructorInjection\src\main\resources
2017-12-18 12:40:32,736 [Worker-66] INFO  o.e.m.c.i.embedder.EclipseLogger - Using 'UTF-8' encoding to copy filtered resources.
2017-12-18 12:40:32,736 [Worker-66] INFO  o.e.m.c.i.embedder.EclipseLogger - skip non existing resourceDirectory C:\Users\a07208trng_b4b.04.25\Desktop\Rohan_SpringCore\ContructorInjection\src\test\resources
2017-12-18 12:41:02,108 [Worker-65] INFO  o.e.m.c.i.embedder.EclipseLogger - Using 'UTF-8' encoding to copy filtered resources.
2017-12-18 12:41:02,108 [Worker-65] INFO  o.e.m.c.i.embedder.EclipseLogger - skip non existing resourceDirectory C:\Users\a07208trng_b4b.04.25\Desktop\Rohan_SpringCore\ContructorInjection\src\main\resources
2017-12-18 12:41:02,108 [Worker-65] INFO  o.e.m.c.i.embedder.EclipseLogger - Using 'UTF-8' encoding to copy filtered resources.
2017-12-18 12:41:02,108 [Worker-65] INFO  o.e.m.c.i.embedder.EclipseLogger - skip non existing resourceDirectory C:\Users\a07208trng_b4b.04.25\Desktop\Rohan_SpringCore\ContructorInjection\src\test\resources
2017-12-18 12:41:32,382 [Worker-66] INFO  o.e.m.c.i.embedder.EclipseLogger - Using 'UTF-8' encoding to copy filtered resources.
2017-12-18 12:41:32,397 [Worker-66] INFO  o.e.m.c.i.embedder.EclipseLogger - skip non existing resourceDirectory C:\Users\a07208trng_b4b.04.25\Desktop\Rohan_SpringCore\ContructorInjection\src\main\resources
2017-12-18 12:41:32,397 [Worker-66] INFO  o.e.m.c.i.embedder.EclipseLogger - Using 'UTF-8' encoding to copy filtered resources.
2017-12-18 12:41:32,397 [Worker-66] INFO  o.e.m.c.i.embedder.EclipseLogger - skip non existing resourceDirectory C:\Users\a07208trng_b4b.04.25\Desktop\Rohan_SpringCore\ContructorInjection\src\test\resources
2017-12-18 12:42:23,242 [Worker-65] INFO  o.e.m.c.i.embedder.EclipseLogger - Using 'UTF-8' encoding to copy filtered resources.
2017-12-18 12:42:23,242 [Worker-65] INFO  o.e.m.c.i.embedder.EclipseLogger - skip non existing resourceDirectory C:\Users\a07208trng_b4b.04.25\Desktop\Rohan_SpringCore\ContructorInjection\src\main\resources
2017-12-18 12:42:23,242 [Worker-65] INFO  o.e.m.c.i.embedder.EclipseLogger - Using 'UTF-8' encoding to copy filtered resources.
2017-12-18 12:42:23,242 [Worker-65] INFO  o.e.m.c.i.embedder.EclipseLogger - skip non existing resourceDirectory C:\Users\a07208trng_b4b.04.25\Desktop\Rohan_SpringCore\ContructorInjection\src\test\resources
2017-12-18 12:42:33,242 [Worker-69] INFO  o.e.m.c.i.embedder.EclipseLogger - Using 'UTF-8' encoding to copy filtered resources.
2017-12-18 12:42:33,242 [Worker-69] INFO  o.e.m.c.i.embedder.EclipseLogger - skip non existing resourceDirectory C:\Users\a07208trng_b4b.04.25\Desktop\Rohan_SpringCore\ContructorInjection\src\main\resources
2017-12-18 12:42:33,242 [Worker-69] INFO  o.e.m.c.i.embedder.EclipseLogger - Using 'UTF-8' encoding to copy filtered resources.
2017-12-18 12:42:33,242 [Worker-69] INFO  o.e.m.c.i.embedder.EclipseLogger - skip non existing resourceDirectory C:\Users\a07208trng_b4b.04.25\Desktop\Rohan_SpringCore\ContructorInjection\src\test\resources
2017-12-18 12:43:01,446 [Worker-69] INFO  o.e.m.c.i.embedder.EclipseLogger - Using 'UTF-8' encoding to copy filtered resources.
2017-12-18 12:43:01,446 [Worker-69] INFO  o.e.m.c.i.embedder.EclipseLogger - skip non existing resourceDirectory C:\Users\a07208trng_b4b.04.25\Desktop\Rohan_SpringCore\ContructorInjection\src\main\resources
2017-12-18 12:43:01,446 [Worker-69] INFO  o.e.m.c.i.embedder.EclipseLogger - Using 'UTF-8' encoding to copy filtered resources.
2017-12-18 12:43:01,446 [Worker-69] INFO  o.e.m.c.i.embedder.EclipseLogger - skip non existing resourceDirectory C:\Users\a07208trng_b4b.04.25\Desktop\Rohan_SpringCore\ContructorInjection\src\test\resources
2017-12-18 12:43:30,863 [Worker-66] INFO  o.e.m.c.i.embedder.EclipseLogger - Using 'UTF-8' encoding to copy filtered resources.
2017-12-18 12:43:30,863 [Worker-66] INFO  o.e.m.c.i.embedder.EclipseLogger - skip non existing resourceDirectory C:\Users\a07208trng_b4b.04.25\Desktop\Rohan_SpringCore\ContructorInjection\src\main\resources
2017-12-18 12:43:30,863 [Worker-66] INFO  o.e.m.c.i.embedder.EclipseLogger - Using 'UTF-8' encoding to copy filtered resources.
2017-12-18 12:43:30,863 [Worker-66] INFO  o.e.m.c.i.embedder.EclipseLogger - skip non existing resourceDirectory C:\Users\a07208trng_b4b.04.25\Desktop\Rohan_SpringCore\ContructorInjection\src\test\resources
2017-12-18 12:43:41,504 [Worker-66] INFO  o.e.m.c.i.embedder.EclipseLogger - Using 'UTF-8' encoding to copy filtered resources.
2017-12-18 12:43:41,504 [Worker-66] INFO  o.e.m.c.i.embedder.EclipseLogger - skip non existing resourceDirectory C:\Users\a07208trng_b4b.04.25\Desktop\Rohan_SpringCore\ContructorInjection\src\main\resources
2017-12-18 12:43:41,504 [Worker-66] INFO  o.e.m.c.i.embedder.EclipseLogger - Using 'UTF-8' encoding to copy filtered resources.
2017-12-18 12:43:41,504 [Worker-66] INFO  o.e.m.c.i.embedder.EclipseLogger - skip non existing resourceDirectory C:\Users\a07208trng_b4b.04.25\Desktop\Rohan_SpringCore\ContructorInjection\src\test\resources
2017-12-18 12:43:50,301 [Worker-65] INFO  o.e.m.c.i.embedder.EclipseLogger - Using 'UTF-8' encoding to copy filtered resources.
2017-12-18 12:43:50,301 [Worker-65] INFO  o.e.m.c.i.embedder.EclipseLogger - skip non existing resourceDirectory C:\Users\a07208trng_b4b.04.25\Desktop\Rohan_SpringCore\ContructorInjection\src\main\resources
2017-12-18 12:43:50,301 [Worker-65] INFO  o.e.m.c.i.embedder.EclipseLogger - Using 'UTF-8' encoding to copy filtered resources.
2017-12-18 12:43:50,301 [Worker-65] INFO  o.e.m.c.i.embedder.EclipseLogger - skip non existing resourceDirectory C:\Users\a07208trng_b4b.04.25\Desktop\Rohan_SpringCore\ContructorInjection\src\test\resources
2017-12-18 12:44:14,645 [Worker-70] INFO  o.e.m.c.i.embedder.EclipseLogger - Using 'UTF-8' encoding to copy filtered resources.
2017-12-18 12:44:14,645 [Worker-70] INFO  o.e.m.c.i.embedder.EclipseLogger - skip non existing resourceDirectory C:\Users\a07208trng_b4b.04.25\Desktop\Rohan_SpringCore\ContructorInjection\src\main\resources
2017-12-18 12:44:14,645 [Worker-70] INFO  o.e.m.c.i.embedder.EclipseLogger - Using 'UTF-8' encoding to copy filtered resources.
2017-12-18 12:44:14,645 [Worker-70] INFO  o.e.m.c.i.embedder.EclipseLogger - skip non existing resourceDirectory C:\Users\a07208trng_b4b.04.25\Desktop\Rohan_SpringCore\ContructorInjection\src\test\resources
2017-12-18 12:44:25,083 [Worker-65] INFO  o.e.m.c.i.embedder.EclipseLogger - Using 'UTF-8' encoding to copy filtered resources.
2017-12-18 12:44:25,083 [Worker-65] INFO  o.e.m.c.i.embedder.EclipseLogger - skip non existing resourceDirectory C:\Users\a07208trng_b4b.04.25\Desktop\Rohan_SpringCore\ContructorInjection\src\main\resources
2017-12-18 12:44:25,083 [Worker-65] INFO  o.e.m.c.i.embedder.EclipseLogger - Using 'UTF-8' encoding to copy filtered resources.
2017-12-18 12:44:25,083 [Worker-65] INFO  o.e.m.c.i.embedder.EclipseLogger - skip non existing resourceDirectory C:\Users\a07208trng_b4b.04.25\Desktop\Rohan_SpringCore\ContructorInjection\src\test\resources
2017-12-18 12:47:46,551 [Worker-67] INFO  o.e.m.c.i.embedder.EclipseLogger - Using 'UTF-8' encoding to copy filtered resources.
2017-12-18 12:47:46,551 [Worker-67] INFO  o.e.m.c.i.embedder.EclipseLogger - skip non existing resourceDirectory C:\Users\a07208trng_b4b.04.25\Desktop\Rohan_SpringCore\Day1demo4\src\main\resources
2017-12-18 12:47:46,551 [Worker-67] INFO  o.e.m.c.i.embedder.EclipseLogger - Using 'UTF-8' encoding to copy filtered resources.
2017-12-18 12:47:46,551 [Worker-67] INFO  o.e.m.c.i.embedder.EclipseLogger - skip non existing resourceDirectory C:\Users\a07208trng_b4b.04.25\Desktop\Rohan_SpringCore\Day1demo4\src\test\resources
